2020-03-30 19:34:47,185 ERROR 37283 [-/::1/-/36780ms GET /getUuid] nodejs.TypeError: The "size" argument must be of type number. Received type string
    at Function.allocUnsafe (buffer.js:358:3)
    at module.exports (/Users/apple/Documents/xiangmu/node/Website-tool/website-server/node_modules/nanoid/random.js:12:23)
    at module.exports (/Users/apple/Documents/xiangmu/node/Website-tool/website-server/node_modules/nanoid/index.js:23:15)
    at Helper.getUuid (/Users/apple/Documents/xiangmu/node/Website-tool/website-server/app/extend/helper.js:11:12)
    at HomeController.getUuid (/Users/apple/Documents/xiangmu/node/Website-tool/website-server/app/controller/home.js:6:27)
    at Object.callFn (/Users/apple/Documents/xiangmu/node/Website-tool/website-server/node_modules/egg-core/lib/utils/index.js:44:21)
    at Object.classControllerMiddleware (/Users/apple/Documents/xiangmu/node/Website-tool/website-server/node_modules/egg-core/lib/loader/mixin/controller.js:87:20)
    at Object.callFn (/Users/apple/Documents/xiangmu/node/Website-tool/website-server/node_modules/@eggjs/router/lib/utils.js:12:21)
    at wrappedController (/Users/apple/Documents/xiangmu/node/Website-tool/website-server/node_modules/@eggjs/router/lib/egg_router.js:322:18)
    at dispatch (/Users/apple/Documents/xiangmu/node/Website-tool/website-server/node_modules/koa-compose/index.js:44:32)
code: "ERR_INVALID_ARG_TYPE"
pid: 37283
hostname: localhost

2020-03-30 19:35:41,052 ERROR 37361 [-/::1/-/5ms GET /getUuid] nodejs.TypeError: The "size" argument must be of type number. Received type string
    at Function.allocUnsafe (buffer.js:358:3)
    at module.exports (/Users/apple/Documents/xiangmu/node/Website-tool/website-server/node_modules/nanoid/random.js:12:23)
    at module.exports (/Users/apple/Documents/xiangmu/node/Website-tool/website-server/node_modules/nanoid/index.js:23:15)
    at Helper.getUuid (/Users/apple/Documents/xiangmu/node/Website-tool/website-server/app/extend/helper.js:9:12)
    at HomeController.getUuid (/Users/apple/Documents/xiangmu/node/Website-tool/website-server/app/controller/home.js:6:27)
    at Object.callFn (/Users/apple/Documents/xiangmu/node/Website-tool/website-server/node_modules/egg-core/lib/utils/index.js:44:21)
    at Object.classControllerMiddleware (/Users/apple/Documents/xiangmu/node/Website-tool/website-server/node_modules/egg-core/lib/loader/mixin/controller.js:87:20)
    at Object.callFn (/Users/apple/Documents/xiangmu/node/Website-tool/website-server/node_modules/@eggjs/router/lib/utils.js:12:21)
    at wrappedController (/Users/apple/Documents/xiangmu/node/Website-tool/website-server/node_modules/@eggjs/router/lib/egg_router.js:322:18)
    at dispatch (/Users/apple/Documents/xiangmu/node/Website-tool/website-server/node_modules/koa-compose/index.js:44:32)
code: "ERR_INVALID_ARG_TYPE"
pid: 37361
hostname: localhost

2020-03-30 19:35:42,284 ERROR 37361 [-/::1/-/1ms GET /getUuid] nodejs.TypeError: The "size" argument must be of type number. Received type string
    at Function.allocUnsafe (buffer.js:358:3)
    at module.exports (/Users/apple/Documents/xiangmu/node/Website-tool/website-server/node_modules/nanoid/random.js:12:23)
    at module.exports (/Users/apple/Documents/xiangmu/node/Website-tool/website-server/node_modules/nanoid/index.js:23:15)
    at Helper.getUuid (/Users/apple/Documents/xiangmu/node/Website-tool/website-server/app/extend/helper.js:9:12)
    at HomeController.getUuid (/Users/apple/Documents/xiangmu/node/Website-tool/website-server/app/controller/home.js:6:27)
    at Object.callFn (/Users/apple/Documents/xiangmu/node/Website-tool/website-server/node_modules/egg-core/lib/utils/index.js:44:21)
    at Object.classControllerMiddleware (/Users/apple/Documents/xiangmu/node/Website-tool/website-server/node_modules/egg-core/lib/loader/mixin/controller.js:87:20)
    at Object.callFn (/Users/apple/Documents/xiangmu/node/Website-tool/website-server/node_modules/@eggjs/router/lib/utils.js:12:21)
    at wrappedController (/Users/apple/Documents/xiangmu/node/Website-tool/website-server/node_modules/@eggjs/router/lib/egg_router.js:322:18)
    at dispatch (/Users/apple/Documents/xiangmu/node/Website-tool/website-server/node_modules/koa-compose/index.js:44:32)
code: "ERR_INVALID_ARG_TYPE"
pid: 37361
hostname: localhost

2020-03-30 19:40:04,080 ERROR 37726 [-/::1/-/8ms GET /getUuid] nodejs.TypeError: The "size" argument must be of type number. Received type string
    at Function.allocUnsafe (buffer.js:358:3)
    at module.exports (/Users/apple/Documents/xiangmu/node/Website-tool/website-server/node_modules/nanoid/random.js:12:23)
    at module.exports (/Users/apple/Documents/xiangmu/node/Website-tool/website-server/node_modules/nanoid/index.js:23:15)
    at Helper.getUuid (/Users/apple/Documents/xiangmu/node/Website-tool/website-server/app/extend/helper.js:9:27)
    at HomeController.getUuid (/Users/apple/Documents/xiangmu/node/Website-tool/website-server/app/controller/home.js:6:27)
    at Object.callFn (/Users/apple/Documents/xiangmu/node/Website-tool/website-server/node_modules/egg-core/lib/utils/index.js:44:21)
    at Object.classControllerMiddleware (/Users/apple/Documents/xiangmu/node/Website-tool/website-server/node_modules/egg-core/lib/loader/mixin/controller.js:87:20)
    at Object.callFn (/Users/apple/Documents/xiangmu/node/Website-tool/website-server/node_modules/@eggjs/router/lib/utils.js:12:21)
    at wrappedController (/Users/apple/Documents/xiangmu/node/Website-tool/website-server/node_modules/@eggjs/router/lib/egg_router.js:322:18)
    at dispatch (/Users/apple/Documents/xiangmu/node/Website-tool/website-server/node_modules/koa-compose/index.js:44:32)
code: "ERR_INVALID_ARG_TYPE"
pid: 37726
hostname: localhost

2020-03-30 19:40:05,401 ERROR 37726 [-/::1/-/1ms GET /getUuid] nodejs.TypeError: The "size" argument must be of type number. Received type string
    at Function.allocUnsafe (buffer.js:358:3)
    at module.exports (/Users/apple/Documents/xiangmu/node/Website-tool/website-server/node_modules/nanoid/random.js:12:23)
    at module.exports (/Users/apple/Documents/xiangmu/node/Website-tool/website-server/node_modules/nanoid/index.js:23:15)
    at Helper.getUuid (/Users/apple/Documents/xiangmu/node/Website-tool/website-server/app/extend/helper.js:9:27)
    at HomeController.getUuid (/Users/apple/Documents/xiangmu/node/Website-tool/website-server/app/controller/home.js:6:27)
    at Object.callFn (/Users/apple/Documents/xiangmu/node/Website-tool/website-server/node_modules/egg-core/lib/utils/index.js:44:21)
    at Object.classControllerMiddleware (/Users/apple/Documents/xiangmu/node/Website-tool/website-server/node_modules/egg-core/lib/loader/mixin/controller.js:87:20)
    at Object.callFn (/Users/apple/Documents/xiangmu/node/Website-tool/website-server/node_modules/@eggjs/router/lib/utils.js:12:21)
    at wrappedController (/Users/apple/Documents/xiangmu/node/Website-tool/website-server/node_modules/@eggjs/router/lib/egg_router.js:322:18)
    at dispatch (/Users/apple/Documents/xiangmu/node/Website-tool/website-server/node_modules/koa-compose/index.js:44:32)
code: "ERR_INVALID_ARG_TYPE"
pid: 37726
hostname: localhost

2020-03-30 19:40:31,692 ERROR 37742 [-/::1/-/6ms GET /getUuid] nodejs.TypeError: The "size" argument must be of type number. Received type string
    at Function.allocUnsafe (buffer.js:358:3)
    at module.exports (/Users/apple/Documents/xiangmu/node/Website-tool/website-server/node_modules/nanoid/random.js:12:23)
    at module.exports (/Users/apple/Documents/xiangmu/node/Website-tool/website-server/node_modules/nanoid/index.js:23:15)
    at Helper.getUuid (/Users/apple/Documents/xiangmu/node/Website-tool/website-server/app/extend/helper.js:9:27)
    at HomeController.getUuid (/Users/apple/Documents/xiangmu/node/Website-tool/website-server/app/controller/home.js:6:27)
    at Object.callFn (/Users/apple/Documents/xiangmu/node/Website-tool/website-server/node_modules/egg-core/lib/utils/index.js:44:21)
    at Object.classControllerMiddleware (/Users/apple/Documents/xiangmu/node/Website-tool/website-server/node_modules/egg-core/lib/loader/mixin/controller.js:87:20)
    at Object.callFn (/Users/apple/Documents/xiangmu/node/Website-tool/website-server/node_modules/@eggjs/router/lib/utils.js:12:21)
    at wrappedController (/Users/apple/Documents/xiangmu/node/Website-tool/website-server/node_modules/@eggjs/router/lib/egg_router.js:322:18)
    at dispatch (/Users/apple/Documents/xiangmu/node/Website-tool/website-server/node_modules/koa-compose/index.js:44:32)
code: "ERR_INVALID_ARG_TYPE"
pid: 37742
hostname: localhost

2020-03-30 19:40:32,684 ERROR 37742 [-/::1/-/1ms GET /getUuid] nodejs.TypeError: The "size" argument must be of type number. Received type string
    at Function.allocUnsafe (buffer.js:358:3)
    at module.exports (/Users/apple/Documents/xiangmu/node/Website-tool/website-server/node_modules/nanoid/random.js:12:23)
    at module.exports (/Users/apple/Documents/xiangmu/node/Website-tool/website-server/node_modules/nanoid/index.js:23:15)
    at Helper.getUuid (/Users/apple/Documents/xiangmu/node/Website-tool/website-server/app/extend/helper.js:9:27)
    at HomeController.getUuid (/Users/apple/Documents/xiangmu/node/Website-tool/website-server/app/controller/home.js:6:27)
    at Object.callFn (/Users/apple/Documents/xiangmu/node/Website-tool/website-server/node_modules/egg-core/lib/utils/index.js:44:21)
    at Object.classControllerMiddleware (/Users/apple/Documents/xiangmu/node/Website-tool/website-server/node_modules/egg-core/lib/loader/mixin/controller.js:87:20)
    at Object.callFn (/Users/apple/Documents/xiangmu/node/Website-tool/website-server/node_modules/@eggjs/router/lib/utils.js:12:21)
    at wrappedController (/Users/apple/Documents/xiangmu/node/Website-tool/website-server/node_modules/@eggjs/router/lib/egg_router.js:322:18)
    at dispatch (/Users/apple/Documents/xiangmu/node/Website-tool/website-server/node_modules/koa-compose/index.js:44:32)
code: "ERR_INVALID_ARG_TYPE"
pid: 37742
hostname: localhost

2020-03-30 19:42:17,835 ERROR 37817 [-/::1/-/5ms GET /getUuid] nodejs.TypeError: The "size" argument must be of type number. Received type string
    at Function.allocUnsafe (buffer.js:358:3)
    at module.exports (/Users/apple/Documents/xiangmu/node/Website-tool/website-server/node_modules/nanoid/random.js:12:23)
    at module.exports (/Users/apple/Documents/xiangmu/node/Website-tool/website-server/node_modules/nanoid/index.js:23:15)
    at Helper.getUuid (/Users/apple/Documents/xiangmu/node/Website-tool/website-server/app/extend/helper.js:9:27)
    at HomeController.getUuid (/Users/apple/Documents/xiangmu/node/Website-tool/website-server/app/controller/home.js:6:37)
    at Object.callFn (/Users/apple/Documents/xiangmu/node/Website-tool/website-server/node_modules/egg-core/lib/utils/index.js:44:21)
    at Object.classControllerMiddleware (/Users/apple/Documents/xiangmu/node/Website-tool/website-server/node_modules/egg-core/lib/loader/mixin/controller.js:87:20)
    at Object.callFn (/Users/apple/Documents/xiangmu/node/Website-tool/website-server/node_modules/@eggjs/router/lib/utils.js:12:21)
    at wrappedController (/Users/apple/Documents/xiangmu/node/Website-tool/website-server/node_modules/@eggjs/router/lib/egg_router.js:322:18)
    at dispatch (/Users/apple/Documents/xiangmu/node/Website-tool/website-server/node_modules/koa-compose/index.js:44:32)
code: "ERR_INVALID_ARG_TYPE"
pid: 37817
hostname: localhost

2020-03-30 19:42:18,543 ERROR 37817 [-/::1/-/1ms GET /getUuid] nodejs.TypeError: The "size" argument must be of type number. Received type string
    at Function.allocUnsafe (buffer.js:358:3)
    at module.exports (/Users/apple/Documents/xiangmu/node/Website-tool/website-server/node_modules/nanoid/random.js:12:23)
    at module.exports (/Users/apple/Documents/xiangmu/node/Website-tool/website-server/node_modules/nanoid/index.js:23:15)
    at Helper.getUuid (/Users/apple/Documents/xiangmu/node/Website-tool/website-server/app/extend/helper.js:9:27)
    at HomeController.getUuid (/Users/apple/Documents/xiangmu/node/Website-tool/website-server/app/controller/home.js:6:37)
    at Object.callFn (/Users/apple/Documents/xiangmu/node/Website-tool/website-server/node_modules/egg-core/lib/utils/index.js:44:21)
    at Object.classControllerMiddleware (/Users/apple/Documents/xiangmu/node/Website-tool/website-server/node_modules/egg-core/lib/loader/mixin/controller.js:87:20)
    at Object.callFn (/Users/apple/Documents/xiangmu/node/Website-tool/website-server/node_modules/@eggjs/router/lib/utils.js:12:21)
    at wrappedController (/Users/apple/Documents/xiangmu/node/Website-tool/website-server/node_modules/@eggjs/router/lib/egg_router.js:322:18)
    at dispatch (/Users/apple/Documents/xiangmu/node/Website-tool/website-server/node_modules/koa-compose/index.js:44:32)
code: "ERR_INVALID_ARG_TYPE"
pid: 37817
hostname: localhost

2020-03-30 19:42:41,296 ERROR 37843 [-/::1/-/6ms GET /getUuid] nodejs.TypeError: The "size" argument must be of type number. Received type string
    at Function.allocUnsafe (buffer.js:358:3)
    at module.exports (/Users/apple/Documents/xiangmu/node/Website-tool/website-server/node_modules/nanoid/random.js:12:23)
    at module.exports (/Users/apple/Documents/xiangmu/node/Website-tool/website-server/node_modules/nanoid/index.js:23:15)
    at Helper.getUuid (/Users/apple/Documents/xiangmu/node/Website-tool/website-server/app/extend/helper.js:9:27)
    at HomeController.getUuid (/Users/apple/Documents/xiangmu/node/Website-tool/website-server/app/controller/home.js:6:37)
    at Object.callFn (/Users/apple/Documents/xiangmu/node/Website-tool/website-server/node_modules/egg-core/lib/utils/index.js:44:21)
    at Object.classControllerMiddleware (/Users/apple/Documents/xiangmu/node/Website-tool/website-server/node_modules/egg-core/lib/loader/mixin/controller.js:87:20)
    at Object.callFn (/Users/apple/Documents/xiangmu/node/Website-tool/website-server/node_modules/@eggjs/router/lib/utils.js:12:21)
    at wrappedController (/Users/apple/Documents/xiangmu/node/Website-tool/website-server/node_modules/@eggjs/router/lib/egg_router.js:322:18)
    at dispatch (/Users/apple/Documents/xiangmu/node/Website-tool/website-server/node_modules/koa-compose/index.js:44:32)
code: "ERR_INVALID_ARG_TYPE"
pid: 37843
hostname: localhost

2020-03-30 19:43:02,502 ERROR 37863 [-/::1/-/6ms GET /getUuid] nodejs.TypeError: The "size" argument must be of type number. Received type string
    at Function.allocUnsafe (buffer.js:358:3)
    at module.exports (/Users/apple/Documents/xiangmu/node/Website-tool/website-server/node_modules/nanoid/random.js:12:23)
    at module.exports (/Users/apple/Documents/xiangmu/node/Website-tool/website-server/node_modules/nanoid/index.js:23:15)
    at Helper.getUuid (/Users/apple/Documents/xiangmu/node/Website-tool/website-server/app/extend/helper.js:9:27)
    at HomeController.getUuid (/Users/apple/Documents/xiangmu/node/Website-tool/website-server/app/controller/home.js:6:37)
    at Object.callFn (/Users/apple/Documents/xiangmu/node/Website-tool/website-server/node_modules/egg-core/lib/utils/index.js:44:21)
    at Object.classControllerMiddleware (/Users/apple/Documents/xiangmu/node/Website-tool/website-server/node_modules/egg-core/lib/loader/mixin/controller.js:87:20)
    at Object.callFn (/Users/apple/Documents/xiangmu/node/Website-tool/website-server/node_modules/@eggjs/router/lib/utils.js:12:21)
    at wrappedController (/Users/apple/Documents/xiangmu/node/Website-tool/website-server/node_modules/@eggjs/router/lib/egg_router.js:322:18)
    at dispatch (/Users/apple/Documents/xiangmu/node/Website-tool/website-server/node_modules/koa-compose/index.js:44:32)
code: "ERR_INVALID_ARG_TYPE"
pid: 37863
hostname: localhost

2020-03-30 19:43:48,195 ERROR 37904 [-/::1/-/5ms GET /getUuid] nodejs.TypeError: The "size" argument must be of type number. Received type string
    at Function.allocUnsafe (buffer.js:358:3)
    at module.exports (/Users/apple/Documents/xiangmu/node/Website-tool/website-server/node_modules/nanoid/random.js:12:23)
    at module.exports (/Users/apple/Documents/xiangmu/node/Website-tool/website-server/node_modules/nanoid/index.js:23:15)
    at Helper.getUuid (/Users/apple/Documents/xiangmu/node/Website-tool/website-server/app/extend/helper.js:9:27)
    at HomeController.getUuid (/Users/apple/Documents/xiangmu/node/Website-tool/website-server/app/controller/home.js:6:37)
    at Object.callFn (/Users/apple/Documents/xiangmu/node/Website-tool/website-server/node_modules/egg-core/lib/utils/index.js:44:21)
    at Object.classControllerMiddleware (/Users/apple/Documents/xiangmu/node/Website-tool/website-server/node_modules/egg-core/lib/loader/mixin/controller.js:87:20)
    at Object.callFn (/Users/apple/Documents/xiangmu/node/Website-tool/website-server/node_modules/@eggjs/router/lib/utils.js:12:21)
    at wrappedController (/Users/apple/Documents/xiangmu/node/Website-tool/website-server/node_modules/@eggjs/router/lib/egg_router.js:322:18)
    at dispatch (/Users/apple/Documents/xiangmu/node/Website-tool/website-server/node_modules/koa-compose/index.js:44:32)
code: "ERR_INVALID_ARG_TYPE"
pid: 37904
hostname: localhost

2020-03-30 19:43:48,739 ERROR 37904 [-/::1/-/1ms GET /getUuid] nodejs.TypeError: The "size" argument must be of type number. Received type string
    at Function.allocUnsafe (buffer.js:358:3)
    at module.exports (/Users/apple/Documents/xiangmu/node/Website-tool/website-server/node_modules/nanoid/random.js:12:23)
    at module.exports (/Users/apple/Documents/xiangmu/node/Website-tool/website-server/node_modules/nanoid/index.js:23:15)
    at Helper.getUuid (/Users/apple/Documents/xiangmu/node/Website-tool/website-server/app/extend/helper.js:9:27)
    at HomeController.getUuid (/Users/apple/Documents/xiangmu/node/Website-tool/website-server/app/controller/home.js:6:37)
    at Object.callFn (/Users/apple/Documents/xiangmu/node/Website-tool/website-server/node_modules/egg-core/lib/utils/index.js:44:21)
    at Object.classControllerMiddleware (/Users/apple/Documents/xiangmu/node/Website-tool/website-server/node_modules/egg-core/lib/loader/mixin/controller.js:87:20)
    at Object.callFn (/Users/apple/Documents/xiangmu/node/Website-tool/website-server/node_modules/@eggjs/router/lib/utils.js:12:21)
    at wrappedController (/Users/apple/Documents/xiangmu/node/Website-tool/website-server/node_modules/@eggjs/router/lib/egg_router.js:322:18)
    at dispatch (/Users/apple/Documents/xiangmu/node/Website-tool/website-server/node_modules/koa-compose/index.js:44:32)
code: "ERR_INVALID_ARG_TYPE"
pid: 37904
hostname: localhost

2020-03-30 19:44:27,270 ERROR 37958 [-/::1/-/5ms GET /getUuid] nodejs.TypeError: The "size" argument must be of type number. Received type string
    at Function.allocUnsafe (buffer.js:358:3)
    at module.exports (/Users/apple/Documents/xiangmu/node/Website-tool/website-server/node_modules/nanoid/random.js:12:23)
    at module.exports (/Users/apple/Documents/xiangmu/node/Website-tool/website-server/node_modules/nanoid/index.js:23:15)
    at Helper.getUuid (/Users/apple/Documents/xiangmu/node/Website-tool/website-server/app/extend/helper.js:9:12)
    at HomeController.getUuid (/Users/apple/Documents/xiangmu/node/Website-tool/website-server/app/controller/home.js:6:37)
    at Object.callFn (/Users/apple/Documents/xiangmu/node/Website-tool/website-server/node_modules/egg-core/lib/utils/index.js:44:21)
    at Object.classControllerMiddleware (/Users/apple/Documents/xiangmu/node/Website-tool/website-server/node_modules/egg-core/lib/loader/mixin/controller.js:87:20)
    at Object.callFn (/Users/apple/Documents/xiangmu/node/Website-tool/website-server/node_modules/@eggjs/router/lib/utils.js:12:21)
    at wrappedController (/Users/apple/Documents/xiangmu/node/Website-tool/website-server/node_modules/@eggjs/router/lib/egg_router.js:322:18)
    at dispatch (/Users/apple/Documents/xiangmu/node/Website-tool/website-server/node_modules/koa-compose/index.js:44:32)
code: "ERR_INVALID_ARG_TYPE"
pid: 37958
hostname: localhost

2020-03-30 19:44:27,855 ERROR 37958 [-/::1/-/0ms GET /getUuid] nodejs.TypeError: The "size" argument must be of type number. Received type string
    at Function.allocUnsafe (buffer.js:358:3)
    at module.exports (/Users/apple/Documents/xiangmu/node/Website-tool/website-server/node_modules/nanoid/random.js:12:23)
    at module.exports (/Users/apple/Documents/xiangmu/node/Website-tool/website-server/node_modules/nanoid/index.js:23:15)
    at Helper.getUuid (/Users/apple/Documents/xiangmu/node/Website-tool/website-server/app/extend/helper.js:9:12)
    at HomeController.getUuid (/Users/apple/Documents/xiangmu/node/Website-tool/website-server/app/controller/home.js:6:37)
    at Object.callFn (/Users/apple/Documents/xiangmu/node/Website-tool/website-server/node_modules/egg-core/lib/utils/index.js:44:21)
    at Object.classControllerMiddleware (/Users/apple/Documents/xiangmu/node/Website-tool/website-server/node_modules/egg-core/lib/loader/mixin/controller.js:87:20)
    at Object.callFn (/Users/apple/Documents/xiangmu/node/Website-tool/website-server/node_modules/@eggjs/router/lib/utils.js:12:21)
    at wrappedController (/Users/apple/Documents/xiangmu/node/Website-tool/website-server/node_modules/@eggjs/router/lib/egg_router.js:322:18)
    at dispatch (/Users/apple/Documents/xiangmu/node/Website-tool/website-server/node_modules/koa-compose/index.js:44:32)
code: "ERR_INVALID_ARG_TYPE"
pid: 37958
hostname: localhost

2020-03-30 19:44:28,048 ERROR 37958 [-/::1/-/1ms GET /getUuid] nodejs.TypeError: The "size" argument must be of type number. Received type string
    at Function.allocUnsafe (buffer.js:358:3)
    at module.exports (/Users/apple/Documents/xiangmu/node/Website-tool/website-server/node_modules/nanoid/random.js:12:23)
    at module.exports (/Users/apple/Documents/xiangmu/node/Website-tool/website-server/node_modules/nanoid/index.js:23:15)
    at Helper.getUuid (/Users/apple/Documents/xiangmu/node/Website-tool/website-server/app/extend/helper.js:9:12)
    at HomeController.getUuid (/Users/apple/Documents/xiangmu/node/Website-tool/website-server/app/controller/home.js:6:37)
    at Object.callFn (/Users/apple/Documents/xiangmu/node/Website-tool/website-server/node_modules/egg-core/lib/utils/index.js:44:21)
    at Object.classControllerMiddleware (/Users/apple/Documents/xiangmu/node/Website-tool/website-server/node_modules/egg-core/lib/loader/mixin/controller.js:87:20)
    at Object.callFn (/Users/apple/Documents/xiangmu/node/Website-tool/website-server/node_modules/@eggjs/router/lib/utils.js:12:21)
    at wrappedController (/Users/apple/Documents/xiangmu/node/Website-tool/website-server/node_modules/@eggjs/router/lib/egg_router.js:322:18)
    at dispatch (/Users/apple/Documents/xiangmu/node/Website-tool/website-server/node_modules/koa-compose/index.js:44:32)
code: "ERR_INVALID_ARG_TYPE"
pid: 37958
hostname: localhost

2020-03-30 19:44:46,855 ERROR 37992 [-/::1/-/6ms GET /getUuid] nodejs.RangeError: The value "NaN" is invalid for option "size"
    at Function.allocUnsafe (buffer.js:358:3)
    at module.exports (/Users/apple/Documents/xiangmu/node/Website-tool/website-server/node_modules/nanoid/random.js:12:23)
    at module.exports (/Users/apple/Documents/xiangmu/node/Website-tool/website-server/node_modules/nanoid/format.js:50:17)
    at Helper.getUuid (/Users/apple/Documents/xiangmu/node/Website-tool/website-server/app/extend/helper.js:9:12)
    at HomeController.getUuid (/Users/apple/Documents/xiangmu/node/Website-tool/website-server/app/controller/home.js:6:37)
    at Object.callFn (/Users/apple/Documents/xiangmu/node/Website-tool/website-server/node_modules/egg-core/lib/utils/index.js:44:21)
    at Object.classControllerMiddleware (/Users/apple/Documents/xiangmu/node/Website-tool/website-server/node_modules/egg-core/lib/loader/mixin/controller.js:87:20)
    at Object.callFn (/Users/apple/Documents/xiangmu/node/Website-tool/website-server/node_modules/@eggjs/router/lib/utils.js:12:21)
    at wrappedController (/Users/apple/Documents/xiangmu/node/Website-tool/website-server/node_modules/@eggjs/router/lib/egg_router.js:322:18)
    at dispatch (/Users/apple/Documents/xiangmu/node/Website-tool/website-server/node_modules/koa-compose/index.js:44:32)
code: "ERR_INVALID_OPT_VALUE"
pid: 37992
hostname: localhost

2020-03-30 19:44:47,510 ERROR 37992 [-/::1/-/0ms GET /getUuid] nodejs.RangeError: The value "NaN" is invalid for option "size"
    at Function.allocUnsafe (buffer.js:358:3)
    at module.exports (/Users/apple/Documents/xiangmu/node/Website-tool/website-server/node_modules/nanoid/random.js:12:23)
    at module.exports (/Users/apple/Documents/xiangmu/node/Website-tool/website-server/node_modules/nanoid/format.js:50:17)
    at Helper.getUuid (/Users/apple/Documents/xiangmu/node/Website-tool/website-server/app/extend/helper.js:9:12)
    at HomeController.getUuid (/Users/apple/Documents/xiangmu/node/Website-tool/website-server/app/controller/home.js:6:37)
    at Object.callFn (/Users/apple/Documents/xiangmu/node/Website-tool/website-server/node_modules/egg-core/lib/utils/index.js:44:21)
    at Object.classControllerMiddleware (/Users/apple/Documents/xiangmu/node/Website-tool/website-server/node_modules/egg-core/lib/loader/mixin/controller.js:87:20)
    at Object.callFn (/Users/apple/Documents/xiangmu/node/Website-tool/website-server/node_modules/@eggjs/router/lib/utils.js:12:21)
    at wrappedController (/Users/apple/Documents/xiangmu/node/Website-tool/website-server/node_modules/@eggjs/router/lib/egg_router.js:322:18)
    at dispatch (/Users/apple/Documents/xiangmu/node/Website-tool/website-server/node_modules/koa-compose/index.js:44:32)
code: "ERR_INVALID_OPT_VALUE"
pid: 37992
hostname: localhost

2020-04-03 19:26:50,616 WARN 96328 [-/::1/-/17ms POST /pageConfig/savePageconfigList?pageId=1] missing csrf token. See https://eggjs.org/zh-cn/core/security.html#安全威胁csrf的防范
2020-04-03 19:26:50,618 WARN 96328 [-/::1/-/18ms POST /pageConfig/savePageconfigList?pageId=1] nodejs.ForbiddenError: missing csrf token
    at Object.throw (/Users/apple/Documents/xiangmu/node/Website-tool/website-server/node_modules/koa/lib/context.js:97:11)
    at Object.assertCsrf (/Users/apple/Documents/xiangmu/node/Website-tool/website-server/node_modules/egg-security/app/extend/context.js:153:19)
    at csrf (/Users/apple/Documents/xiangmu/node/Website-tool/website-server/node_modules/egg-security/lib/middlewares/csrf.js:33:9)
    at dispatch (/Users/apple/Documents/xiangmu/node/Website-tool/website-server/node_modules/egg-security/node_modules/koa-compose/index.js:42:32)
    at /Users/apple/Documents/xiangmu/node/Website-tool/website-server/node_modules/egg-security/node_modules/koa-compose/index.js:34:12
    at dispatch (/Users/apple/Documents/xiangmu/node/Website-tool/website-server/node_modules/koa/node_modules/koa-compose/index.js:42:32)
    at session (/Users/apple/Documents/xiangmu/node/Website-tool/website-server/node_modules/koa-session/index.js:41:13)
    at dispatch (/Users/apple/Documents/xiangmu/node/Website-tool/website-server/node_modules/koa/node_modules/koa-compose/index.js:42:32)
    at overrideMethod (/Users/apple/Documents/xiangmu/node/Website-tool/website-server/node_modules/koa-override/index.js:38:12)
    at dispatch (/Users/apple/Documents/xiangmu/node/Website-tool/website-server/node_modules/koa/node_modules/koa-compose/index.js:42:32)
    at bodyParser (/Users/apple/Documents/xiangmu/node/Website-tool/website-server/node_modules/koa-bodyparser/index.js:95:11)
    at runMicrotasks (<anonymous>)
    at processTicksAndRejections (internal/process/task_queues.js:93:5)
    at async /Users/apple/Documents/xiangmu/node/Website-tool/website-server/node_modules/koa-static-cache/index.js:51:63
    at async notfound (/Users/apple/Documents/xiangmu/node/Website-tool/website-server/node_modules/egg/app/middleware/notfound.js:5:5)
    at async meta (/Users/apple/Documents/xiangmu/node/Website-tool/website-server/node_modules/egg/app/middleware/meta.js:12:5)
message: "missing csrf token"
headers: {"Access-Control-Allow-Origin":"http://localhost:8080","Access-Control-Allow-Credentials":"true","vary":"Origin"}
pid: 96328
hostname: localhost

2020-04-03 19:29:19,433 WARN 97316 [-/::1/-/14ms POST /pageConfig/savePageconfigList?pageId=1] missing csrf token. See https://eggjs.org/zh-cn/core/security.html#安全威胁csrf的防范
2020-04-03 19:29:19,435 WARN 97316 [-/::1/-/15ms POST /pageConfig/savePageconfigList?pageId=1] nodejs.ForbiddenError: missing csrf token
    at Object.throw (/Users/apple/Documents/xiangmu/node/Website-tool/website-server/node_modules/koa/lib/context.js:97:11)
    at Object.assertCsrf (/Users/apple/Documents/xiangmu/node/Website-tool/website-server/node_modules/egg-security/app/extend/context.js:153:19)
    at csrf (/Users/apple/Documents/xiangmu/node/Website-tool/website-server/node_modules/egg-security/lib/middlewares/csrf.js:33:9)
    at dispatch (/Users/apple/Documents/xiangmu/node/Website-tool/website-server/node_modules/egg-security/node_modules/koa-compose/index.js:42:32)
    at /Users/apple/Documents/xiangmu/node/Website-tool/website-server/node_modules/egg-security/node_modules/koa-compose/index.js:34:12
    at dispatch (/Users/apple/Documents/xiangmu/node/Website-tool/website-server/node_modules/koa/node_modules/koa-compose/index.js:42:32)
    at session (/Users/apple/Documents/xiangmu/node/Website-tool/website-server/node_modules/koa-session/index.js:41:13)
    at dispatch (/Users/apple/Documents/xiangmu/node/Website-tool/website-server/node_modules/koa/node_modules/koa-compose/index.js:42:32)
    at overrideMethod (/Users/apple/Documents/xiangmu/node/Website-tool/website-server/node_modules/koa-override/index.js:38:12)
    at dispatch (/Users/apple/Documents/xiangmu/node/Website-tool/website-server/node_modules/koa/node_modules/koa-compose/index.js:42:32)
    at bodyParser (/Users/apple/Documents/xiangmu/node/Website-tool/website-server/node_modules/koa-bodyparser/index.js:95:11)
    at processTicksAndRejections (internal/process/task_queues.js:93:5)
    at async /Users/apple/Documents/xiangmu/node/Website-tool/website-server/node_modules/koa-static-cache/index.js:51:63
    at async notfound (/Users/apple/Documents/xiangmu/node/Website-tool/website-server/node_modules/egg/app/middleware/notfound.js:5:5)
    at async meta (/Users/apple/Documents/xiangmu/node/Website-tool/website-server/node_modules/egg/app/middleware/meta.js:12:5)
    at async cors (/Users/apple/Documents/xiangmu/node/Website-tool/website-server/node_modules/@koa/cors/index.js:88:16)
message: "missing csrf token"
headers: {"Access-Control-Allow-Origin":"http://localhost:8080","Access-Control-Allow-Credentials":"true","vary":"Origin"}
pid: 97316
hostname: localhost

2020-04-03 19:29:38,892 WARN 97337 [-/::1/-/12ms POST /pageConfig/savePageconfigList?pageId=1] missing csrf token. See https://eggjs.org/zh-cn/core/security.html#安全威胁csrf的防范
2020-04-03 19:29:38,894 WARN 97337 [-/::1/-/13ms POST /pageConfig/savePageconfigList?pageId=1] nodejs.ForbiddenError: missing csrf token
    at Object.throw (/Users/apple/Documents/xiangmu/node/Website-tool/website-server/node_modules/koa/lib/context.js:97:11)
    at Object.assertCsrf (/Users/apple/Documents/xiangmu/node/Website-tool/website-server/node_modules/egg-security/app/extend/context.js:153:19)
    at csrf (/Users/apple/Documents/xiangmu/node/Website-tool/website-server/node_modules/egg-security/lib/middlewares/csrf.js:33:9)
    at dispatch (/Users/apple/Documents/xiangmu/node/Website-tool/website-server/node_modules/egg-security/node_modules/koa-compose/index.js:42:32)
    at /Users/apple/Documents/xiangmu/node/Website-tool/website-server/node_modules/egg-security/node_modules/koa-compose/index.js:34:12
    at dispatch (/Users/apple/Documents/xiangmu/node/Website-tool/website-server/node_modules/koa/node_modules/koa-compose/index.js:42:32)
    at session (/Users/apple/Documents/xiangmu/node/Website-tool/website-server/node_modules/koa-session/index.js:41:13)
    at dispatch (/Users/apple/Documents/xiangmu/node/Website-tool/website-server/node_modules/koa/node_modules/koa-compose/index.js:42:32)
    at overrideMethod (/Users/apple/Documents/xiangmu/node/Website-tool/website-server/node_modules/koa-override/index.js:38:12)
    at dispatch (/Users/apple/Documents/xiangmu/node/Website-tool/website-server/node_modules/koa/node_modules/koa-compose/index.js:42:32)
    at bodyParser (/Users/apple/Documents/xiangmu/node/Website-tool/website-server/node_modules/koa-bodyparser/index.js:95:11)
    at processTicksAndRejections (internal/process/task_queues.js:93:5)
    at async /Users/apple/Documents/xiangmu/node/Website-tool/website-server/node_modules/koa-static-cache/index.js:51:63
    at async notfound (/Users/apple/Documents/xiangmu/node/Website-tool/website-server/node_modules/egg/app/middleware/notfound.js:5:5)
    at async meta (/Users/apple/Documents/xiangmu/node/Website-tool/website-server/node_modules/egg/app/middleware/meta.js:12:5)
    at async cors (/Users/apple/Documents/xiangmu/node/Website-tool/website-server/node_modules/@koa/cors/index.js:88:16)
message: "missing csrf token"
headers: {"Access-Control-Allow-Origin":"http://localhost:8080","Access-Control-Allow-Credentials":"true","vary":"Origin"}
pid: 97337
hostname: localhost

2020-04-03 19:30:08,141 WARN 97350 [-/::1/-/9ms POST /pageConfig/savePageconfigList?pageId=1] missing csrf token. See https://eggjs.org/zh-cn/core/security.html#安全威胁csrf的防范
2020-04-03 19:30:08,142 WARN 97350 [-/::1/-/10ms POST /pageConfig/savePageconfigList?pageId=1] nodejs.ForbiddenError: missing csrf token
    at Object.throw (/Users/apple/Documents/xiangmu/node/Website-tool/website-server/node_modules/koa/lib/context.js:97:11)
    at Object.assertCsrf (/Users/apple/Documents/xiangmu/node/Website-tool/website-server/node_modules/egg-security/app/extend/context.js:153:19)
    at csrf (/Users/apple/Documents/xiangmu/node/Website-tool/website-server/node_modules/egg-security/lib/middlewares/csrf.js:33:9)
    at dispatch (/Users/apple/Documents/xiangmu/node/Website-tool/website-server/node_modules/egg-security/node_modules/koa-compose/index.js:42:32)
    at /Users/apple/Documents/xiangmu/node/Website-tool/website-server/node_modules/egg-security/node_modules/koa-compose/index.js:34:12
    at dispatch (/Users/apple/Documents/xiangmu/node/Website-tool/website-server/node_modules/koa/node_modules/koa-compose/index.js:42:32)
    at session (/Users/apple/Documents/xiangmu/node/Website-tool/website-server/node_modules/koa-session/index.js:41:13)
    at dispatch (/Users/apple/Documents/xiangmu/node/Website-tool/website-server/node_modules/koa/node_modules/koa-compose/index.js:42:32)
    at overrideMethod (/Users/apple/Documents/xiangmu/node/Website-tool/website-server/node_modules/koa-override/index.js:38:12)
    at dispatch (/Users/apple/Documents/xiangmu/node/Website-tool/website-server/node_modules/koa/node_modules/koa-compose/index.js:42:32)
    at bodyParser (/Users/apple/Documents/xiangmu/node/Website-tool/website-server/node_modules/koa-bodyparser/index.js:95:11)
    at processTicksAndRejections (internal/process/task_queues.js:93:5)
    at async /Users/apple/Documents/xiangmu/node/Website-tool/website-server/node_modules/koa-static-cache/index.js:51:63
    at async notfound (/Users/apple/Documents/xiangmu/node/Website-tool/website-server/node_modules/egg/app/middleware/notfound.js:5:5)
    at async meta (/Users/apple/Documents/xiangmu/node/Website-tool/website-server/node_modules/egg/app/middleware/meta.js:12:5)
    at async cors (/Users/apple/Documents/xiangmu/node/Website-tool/website-server/node_modules/@koa/cors/index.js:88:16)
message: "missing csrf token"
headers: {"Access-Control-Allow-Origin":"http://localhost:8080","Access-Control-Allow-Credentials":"true","vary":"Origin"}
pid: 97350
hostname: localhost

2020-04-03 19:30:56,850 WARN 97380 [-/::1/-/9ms POST /pageConfig/savePageconfigList?pageId=1] missing csrf token. See https://eggjs.org/zh-cn/core/security.html#安全威胁csrf的防范
2020-04-03 19:30:56,851 WARN 97380 [-/::1/-/10ms POST /pageConfig/savePageconfigList?pageId=1] nodejs.ForbiddenError: missing csrf token
    at Object.throw (/Users/apple/Documents/xiangmu/node/Website-tool/website-server/node_modules/koa/lib/context.js:97:11)
    at Object.assertCsrf (/Users/apple/Documents/xiangmu/node/Website-tool/website-server/node_modules/egg-security/app/extend/context.js:153:19)
    at csrf (/Users/apple/Documents/xiangmu/node/Website-tool/website-server/node_modules/egg-security/lib/middlewares/csrf.js:33:9)
    at dispatch (/Users/apple/Documents/xiangmu/node/Website-tool/website-server/node_modules/egg-security/node_modules/koa-compose/index.js:42:32)
    at /Users/apple/Documents/xiangmu/node/Website-tool/website-server/node_modules/egg-security/node_modules/koa-compose/index.js:34:12
    at dispatch (/Users/apple/Documents/xiangmu/node/Website-tool/website-server/node_modules/koa/node_modules/koa-compose/index.js:42:32)
    at session (/Users/apple/Documents/xiangmu/node/Website-tool/website-server/node_modules/koa-session/index.js:41:13)
    at dispatch (/Users/apple/Documents/xiangmu/node/Website-tool/website-server/node_modules/koa/node_modules/koa-compose/index.js:42:32)
    at overrideMethod (/Users/apple/Documents/xiangmu/node/Website-tool/website-server/node_modules/koa-override/index.js:38:12)
    at dispatch (/Users/apple/Documents/xiangmu/node/Website-tool/website-server/node_modules/koa/node_modules/koa-compose/index.js:42:32)
    at bodyParser (/Users/apple/Documents/xiangmu/node/Website-tool/website-server/node_modules/koa-bodyparser/index.js:95:11)
    at processTicksAndRejections (internal/process/task_queues.js:93:5)
    at async /Users/apple/Documents/xiangmu/node/Website-tool/website-server/node_modules/koa-static-cache/index.js:51:63
    at async notfound (/Users/apple/Documents/xiangmu/node/Website-tool/website-server/node_modules/egg/app/middleware/notfound.js:5:5)
    at async meta (/Users/apple/Documents/xiangmu/node/Website-tool/website-server/node_modules/egg/app/middleware/meta.js:12:5)
    at async cors (/Users/apple/Documents/xiangmu/node/Website-tool/website-server/node_modules/@koa/cors/index.js:88:16)
message: "missing csrf token"
headers: {"Access-Control-Allow-Origin":"http://localhost:8080","Access-Control-Allow-Credentials":"true","vary":"Origin"}
pid: 97380
hostname: localhost

2020-04-03 19:31:07,793 WARN 97380 [-/::1/-/1ms POST /pageConfig/savePageconfigList?pageId=1] missing csrf token. See https://eggjs.org/zh-cn/core/security.html#安全威胁csrf的防范
2020-04-03 19:31:07,793 WARN 97380 [-/::1/-/1ms POST /pageConfig/savePageconfigList?pageId=1] nodejs.ForbiddenError: missing csrf token
    at Object.throw (/Users/apple/Documents/xiangmu/node/Website-tool/website-server/node_modules/koa/lib/context.js:97:11)
    at Object.assertCsrf (/Users/apple/Documents/xiangmu/node/Website-tool/website-server/node_modules/egg-security/app/extend/context.js:153:19)
    at csrf (/Users/apple/Documents/xiangmu/node/Website-tool/website-server/node_modules/egg-security/lib/middlewares/csrf.js:33:9)
    at dispatch (/Users/apple/Documents/xiangmu/node/Website-tool/website-server/node_modules/egg-security/node_modules/koa-compose/index.js:42:32)
    at /Users/apple/Documents/xiangmu/node/Website-tool/website-server/node_modules/egg-security/node_modules/koa-compose/index.js:34:12
    at dispatch (/Users/apple/Documents/xiangmu/node/Website-tool/website-server/node_modules/koa/node_modules/koa-compose/index.js:42:32)
    at session (/Users/apple/Documents/xiangmu/node/Website-tool/website-server/node_modules/koa-session/index.js:41:13)
    at dispatch (/Users/apple/Documents/xiangmu/node/Website-tool/website-server/node_modules/koa/node_modules/koa-compose/index.js:42:32)
    at overrideMethod (/Users/apple/Documents/xiangmu/node/Website-tool/website-server/node_modules/koa-override/index.js:38:12)
    at dispatch (/Users/apple/Documents/xiangmu/node/Website-tool/website-server/node_modules/koa/node_modules/koa-compose/index.js:42:32)
    at bodyParser (/Users/apple/Documents/xiangmu/node/Website-tool/website-server/node_modules/koa-bodyparser/index.js:95:11)
    at processTicksAndRejections (internal/process/task_queues.js:93:5)
    at async /Users/apple/Documents/xiangmu/node/Website-tool/website-server/node_modules/koa-static-cache/index.js:51:63
    at async notfound (/Users/apple/Documents/xiangmu/node/Website-tool/website-server/node_modules/egg/app/middleware/notfound.js:5:5)
    at async meta (/Users/apple/Documents/xiangmu/node/Website-tool/website-server/node_modules/egg/app/middleware/meta.js:12:5)
    at async cors (/Users/apple/Documents/xiangmu/node/Website-tool/website-server/node_modules/@koa/cors/index.js:88:16)
message: "missing csrf token"
headers: {"Access-Control-Allow-Origin":"http://localhost:8080","Access-Control-Allow-Credentials":"true","vary":"Origin"}
pid: 97380
hostname: localhost

2020-04-03 19:32:42,061 WARN 97457 [-/::1/-/13ms POST /pageConfig/savePageconfigList?pageId=1] missing csrf token. See https://eggjs.org/zh-cn/core/security.html#安全威胁csrf的防范
2020-04-03 19:32:42,062 WARN 97457 [-/::1/-/14ms POST /pageConfig/savePageconfigList?pageId=1] nodejs.ForbiddenError: missing csrf token
    at Object.throw (/Users/apple/Documents/xiangmu/node/Website-tool/website-server/node_modules/koa/lib/context.js:97:11)
    at Object.assertCsrf (/Users/apple/Documents/xiangmu/node/Website-tool/website-server/node_modules/egg-security/app/extend/context.js:153:19)
    at csrf (/Users/apple/Documents/xiangmu/node/Website-tool/website-server/node_modules/egg-security/lib/middlewares/csrf.js:33:9)
    at dispatch (/Users/apple/Documents/xiangmu/node/Website-tool/website-server/node_modules/egg-security/node_modules/koa-compose/index.js:42:32)
    at /Users/apple/Documents/xiangmu/node/Website-tool/website-server/node_modules/egg-security/node_modules/koa-compose/index.js:34:12
    at dispatch (/Users/apple/Documents/xiangmu/node/Website-tool/website-server/node_modules/koa/node_modules/koa-compose/index.js:42:32)
    at session (/Users/apple/Documents/xiangmu/node/Website-tool/website-server/node_modules/koa-session/index.js:41:13)
    at dispatch (/Users/apple/Documents/xiangmu/node/Website-tool/website-server/node_modules/koa/node_modules/koa-compose/index.js:42:32)
    at overrideMethod (/Users/apple/Documents/xiangmu/node/Website-tool/website-server/node_modules/koa-override/index.js:38:12)
    at dispatch (/Users/apple/Documents/xiangmu/node/Website-tool/website-server/node_modules/koa/node_modules/koa-compose/index.js:42:32)
    at bodyParser (/Users/apple/Documents/xiangmu/node/Website-tool/website-server/node_modules/koa-bodyparser/index.js:95:11)
    at processTicksAndRejections (internal/process/task_queues.js:93:5)
    at async /Users/apple/Documents/xiangmu/node/Website-tool/website-server/node_modules/koa-static-cache/index.js:51:63
    at async notfound (/Users/apple/Documents/xiangmu/node/Website-tool/website-server/node_modules/egg/app/middleware/notfound.js:5:5)
    at async meta (/Users/apple/Documents/xiangmu/node/Website-tool/website-server/node_modules/egg/app/middleware/meta.js:12:5)
    at async cors (/Users/apple/Documents/xiangmu/node/Website-tool/website-server/node_modules/@koa/cors/index.js:88:16)
message: "missing csrf token"
headers: {"Access-Control-Allow-Origin":"http://localhost:8080","Access-Control-Allow-Credentials":"true","vary":"Origin"}
pid: 97457
hostname: localhost

2020-04-03 19:59:34,950 ERROR 98253 [-/127.0.0.1/-/0ms GET /] nodejs.MongooseServerSelectionError: [egg-mongoose]connect ECONNREFUSED 127.0.0.1:27017
    at new MongooseServerSelectionError (/Users/apple/Documents/xiangmu/node/Website-tool/website-server/node_modules/mongoose/lib/error/serverSelection.js:22:11)
    at NativeConnection.Connection.openUri (/Users/apple/Documents/xiangmu/node/Website-tool/website-server/node_modules/mongoose/lib/connection.js:823:32)
    at Mongoose.createConnection (/Users/apple/Documents/xiangmu/node/Website-tool/website-server/node_modules/mongoose/lib/index.js:279:17)
    at Singleton.createOneClient [as create] (/Users/apple/Documents/xiangmu/node/Website-tool/website-server/node_modules/egg-mongoose/lib/mongoose.js:69:23)
    at Singleton.createInstance (/Users/apple/Documents/xiangmu/node/Website-tool/website-server/node_modules/egg/lib/core/singleton.js:88:17)
    at Singleton.initSync (/Users/apple/Documents/xiangmu/node/Website-tool/website-server/node_modules/egg/lib/core/singleton.js:31:27)
    at Singleton.init (/Users/apple/Documents/xiangmu/node/Website-tool/website-server/node_modules/egg/lib/core/singleton.js:21:68)
    at Application.addSingleton (/Users/apple/Documents/xiangmu/node/Website-tool/website-server/node_modules/egg/lib/egg.js:464:35)
    at module.exports (/Users/apple/Documents/xiangmu/node/Website-tool/website-server/node_modules/egg-mongoose/lib/mongoose.js:31:7)
    at module.exports (/Users/apple/Documents/xiangmu/node/Website-tool/website-server/node_modules/egg-mongoose/app.js:4:57)
    at Hook.configDidLoad (/Users/apple/Documents/xiangmu/node/Website-tool/website-server/node_modules/egg-core/lib/lifecycle.js:91:9)
    at Lifecycle.triggerConfigDidLoad (/Users/apple/Documents/xiangmu/node/Website-tool/website-server/node_modules/egg-core/lib/lifecycle.js:145:14)
    at Lifecycle.triggerConfigWillLoad (/Users/apple/Documents/xiangmu/node/Website-tool/website-server/node_modules/egg-core/lib/lifecycle.js:139:10)
    at AppWorkerLoader.loadCustomApp (/Users/apple/Documents/xiangmu/node/Website-tool/website-server/node_modules/egg-core/lib/loader/mixin/custom.js:37:20)
    at AppWorkerLoader.load (/Users/apple/Documents/xiangmu/node/Website-tool/website-server/node_modules/egg/lib/loader/app_worker_loader.js:35:10)
    at new Application (/Users/apple/Documents/xiangmu/node/Website-tool/website-server/node_modules/egg/lib/application.js:66:19)
message: "[egg-mongoose]connect ECONNREFUSED 127.0.0.1:27017"
name: "MongooseServerSelectionError"
reason: {"type":"Single","setName":null,"maxSetVersion":null,"maxElectionId":null,"servers":{},"stale":false,"compatible":true,"compatibilityError":null,"logicalSessionTimeoutMinutes":null,"heartbeatFrequencyMS":10000,"localThresholdMS":15,"commonWireVersion":null}
pid: 98253
hostname: localhost

2020-04-03 20:00:05,766 ERROR 98305 [-/127.0.0.1/-/0ms GET /] nodejs.MongooseServerSelectionError: [egg-mongoose]connect ECONNREFUSED 127.0.0.1:27017
    at new MongooseServerSelectionError (/Users/apple/Documents/xiangmu/node/Website-tool/website-server/node_modules/mongoose/lib/error/serverSelection.js:22:11)
    at NativeConnection.Connection.openUri (/Users/apple/Documents/xiangmu/node/Website-tool/website-server/node_modules/mongoose/lib/connection.js:823:32)
    at Mongoose.createConnection (/Users/apple/Documents/xiangmu/node/Website-tool/website-server/node_modules/mongoose/lib/index.js:279:17)
    at Singleton.createOneClient [as create] (/Users/apple/Documents/xiangmu/node/Website-tool/website-server/node_modules/egg-mongoose/lib/mongoose.js:69:23)
    at Singleton.createInstance (/Users/apple/Documents/xiangmu/node/Website-tool/website-server/node_modules/egg/lib/core/singleton.js:88:17)
    at Singleton.initSync (/Users/apple/Documents/xiangmu/node/Website-tool/website-server/node_modules/egg/lib/core/singleton.js:31:27)
    at Singleton.init (/Users/apple/Documents/xiangmu/node/Website-tool/website-server/node_modules/egg/lib/core/singleton.js:21:68)
    at Application.addSingleton (/Users/apple/Documents/xiangmu/node/Website-tool/website-server/node_modules/egg/lib/egg.js:464:35)
    at module.exports (/Users/apple/Documents/xiangmu/node/Website-tool/website-server/node_modules/egg-mongoose/lib/mongoose.js:31:7)
    at module.exports (/Users/apple/Documents/xiangmu/node/Website-tool/website-server/node_modules/egg-mongoose/app.js:4:57)
    at Hook.configDidLoad (/Users/apple/Documents/xiangmu/node/Website-tool/website-server/node_modules/egg-core/lib/lifecycle.js:91:9)
    at Lifecycle.triggerConfigDidLoad (/Users/apple/Documents/xiangmu/node/Website-tool/website-server/node_modules/egg-core/lib/lifecycle.js:145:14)
    at Lifecycle.triggerConfigWillLoad (/Users/apple/Documents/xiangmu/node/Website-tool/website-server/node_modules/egg-core/lib/lifecycle.js:139:10)
    at AppWorkerLoader.loadCustomApp (/Users/apple/Documents/xiangmu/node/Website-tool/website-server/node_modules/egg-core/lib/loader/mixin/custom.js:37:20)
    at AppWorkerLoader.load (/Users/apple/Documents/xiangmu/node/Website-tool/website-server/node_modules/egg/lib/loader/app_worker_loader.js:35:10)
    at new Application (/Users/apple/Documents/xiangmu/node/Website-tool/website-server/node_modules/egg/lib/application.js:66:19)
message: "[egg-mongoose]connect ECONNREFUSED 127.0.0.1:27017"
name: "MongooseServerSelectionError"
reason: {"type":"Single","setName":null,"maxSetVersion":null,"maxElectionId":null,"servers":{},"stale":false,"compatible":true,"compatibilityError":null,"logicalSessionTimeoutMinutes":null,"heartbeatFrequencyMS":10000,"localThresholdMS":15,"commonWireVersion":null}
pid: 98305
hostname: localhost

2020-04-03 20:00:35,557 ERROR 98316 [-/127.0.0.1/-/0ms GET /] nodejs.MongooseServerSelectionError: [egg-mongoose]connect ECONNREFUSED 127.0.0.1:27017
    at new MongooseServerSelectionError (/Users/apple/Documents/xiangmu/node/Website-tool/website-server/node_modules/mongoose/lib/error/serverSelection.js:22:11)
    at NativeConnection.Connection.openUri (/Users/apple/Documents/xiangmu/node/Website-tool/website-server/node_modules/mongoose/lib/connection.js:823:32)
    at Mongoose.createConnection (/Users/apple/Documents/xiangmu/node/Website-tool/website-server/node_modules/mongoose/lib/index.js:279:17)
    at Singleton.createOneClient [as create] (/Users/apple/Documents/xiangmu/node/Website-tool/website-server/node_modules/egg-mongoose/lib/mongoose.js:69:23)
    at Singleton.createInstance (/Users/apple/Documents/xiangmu/node/Website-tool/website-server/node_modules/egg/lib/core/singleton.js:88:17)
    at Singleton.initSync (/Users/apple/Documents/xiangmu/node/Website-tool/website-server/node_modules/egg/lib/core/singleton.js:31:27)
    at Singleton.init (/Users/apple/Documents/xiangmu/node/Website-tool/website-server/node_modules/egg/lib/core/singleton.js:21:68)
    at Application.addSingleton (/Users/apple/Documents/xiangmu/node/Website-tool/website-server/node_modules/egg/lib/egg.js:464:35)
    at module.exports (/Users/apple/Documents/xiangmu/node/Website-tool/website-server/node_modules/egg-mongoose/lib/mongoose.js:31:7)
    at module.exports (/Users/apple/Documents/xiangmu/node/Website-tool/website-server/node_modules/egg-mongoose/app.js:4:57)
    at Hook.configDidLoad (/Users/apple/Documents/xiangmu/node/Website-tool/website-server/node_modules/egg-core/lib/lifecycle.js:91:9)
    at Lifecycle.triggerConfigDidLoad (/Users/apple/Documents/xiangmu/node/Website-tool/website-server/node_modules/egg-core/lib/lifecycle.js:145:14)
    at Lifecycle.triggerConfigWillLoad (/Users/apple/Documents/xiangmu/node/Website-tool/website-server/node_modules/egg-core/lib/lifecycle.js:139:10)
    at AppWorkerLoader.loadCustomApp (/Users/apple/Documents/xiangmu/node/Website-tool/website-server/node_modules/egg-core/lib/loader/mixin/custom.js:37:20)
    at AppWorkerLoader.load (/Users/apple/Documents/xiangmu/node/Website-tool/website-server/node_modules/egg/lib/loader/app_worker_loader.js:35:10)
    at new Application (/Users/apple/Documents/xiangmu/node/Website-tool/website-server/node_modules/egg/lib/application.js:66:19)
message: "[egg-mongoose]connect ECONNREFUSED 127.0.0.1:27017"
name: "MongooseServerSelectionError"
reason: {"type":"Single","setName":null,"maxSetVersion":null,"maxElectionId":null,"servers":{},"stale":false,"compatible":true,"compatibilityError":null,"logicalSessionTimeoutMinutes":null,"heartbeatFrequencyMS":10000,"localThresholdMS":15,"commonWireVersion":null}
pid: 98316
hostname: localhost

2020-04-03 20:00:42,859 ERROR 98325 [-/127.0.0.1/-/0ms GET /] nodejs.MongooseServerSelectionError: [egg-mongoose]connect ECONNREFUSED 127.0.0.1:27017
    at new MongooseServerSelectionError (/Users/apple/Documents/xiangmu/node/Website-tool/website-server/node_modules/mongoose/lib/error/serverSelection.js:22:11)
    at NativeConnection.Connection.openUri (/Users/apple/Documents/xiangmu/node/Website-tool/website-server/node_modules/mongoose/lib/connection.js:823:32)
    at Mongoose.createConnection (/Users/apple/Documents/xiangmu/node/Website-tool/website-server/node_modules/mongoose/lib/index.js:279:17)
    at Singleton.createOneClient [as create] (/Users/apple/Documents/xiangmu/node/Website-tool/website-server/node_modules/egg-mongoose/lib/mongoose.js:69:23)
    at Singleton.createInstance (/Users/apple/Documents/xiangmu/node/Website-tool/website-server/node_modules/egg/lib/core/singleton.js:88:17)
    at Singleton.initSync (/Users/apple/Documents/xiangmu/node/Website-tool/website-server/node_modules/egg/lib/core/singleton.js:31:27)
    at Singleton.init (/Users/apple/Documents/xiangmu/node/Website-tool/website-server/node_modules/egg/lib/core/singleton.js:21:68)
    at Application.addSingleton (/Users/apple/Documents/xiangmu/node/Website-tool/website-server/node_modules/egg/lib/egg.js:464:35)
    at module.exports (/Users/apple/Documents/xiangmu/node/Website-tool/website-server/node_modules/egg-mongoose/lib/mongoose.js:31:7)
    at module.exports (/Users/apple/Documents/xiangmu/node/Website-tool/website-server/node_modules/egg-mongoose/app.js:4:57)
    at Hook.configDidLoad (/Users/apple/Documents/xiangmu/node/Website-tool/website-server/node_modules/egg-core/lib/lifecycle.js:91:9)
    at Lifecycle.triggerConfigDidLoad (/Users/apple/Documents/xiangmu/node/Website-tool/website-server/node_modules/egg-core/lib/lifecycle.js:145:14)
    at Lifecycle.triggerConfigWillLoad (/Users/apple/Documents/xiangmu/node/Website-tool/website-server/node_modules/egg-core/lib/lifecycle.js:139:10)
    at AppWorkerLoader.loadCustomApp (/Users/apple/Documents/xiangmu/node/Website-tool/website-server/node_modules/egg-core/lib/loader/mixin/custom.js:37:20)
    at AppWorkerLoader.load (/Users/apple/Documents/xiangmu/node/Website-tool/website-server/node_modules/egg/lib/loader/app_worker_loader.js:35:10)
    at new Application (/Users/apple/Documents/xiangmu/node/Website-tool/website-server/node_modules/egg/lib/application.js:66:19)
message: "[egg-mongoose]connect ECONNREFUSED 127.0.0.1:27017"
name: "MongooseServerSelectionError"
reason: {"type":"Single","setName":null,"maxSetVersion":null,"maxElectionId":null,"servers":{},"stale":false,"compatible":true,"compatibilityError":null,"logicalSessionTimeoutMinutes":null,"heartbeatFrequencyMS":10000,"localThresholdMS":15,"commonWireVersion":null}
pid: 98325
hostname: localhost

2020-04-03 20:01:06,423 ERROR 98361 [-/127.0.0.1/-/0ms GET /] nodejs.MongooseServerSelectionError: [egg-mongoose]connect ECONNREFUSED 127.0.0.1:27017
    at new MongooseServerSelectionError (/Users/apple/Documents/xiangmu/node/Website-tool/website-server/node_modules/mongoose/lib/error/serverSelection.js:22:11)
    at NativeConnection.Connection.openUri (/Users/apple/Documents/xiangmu/node/Website-tool/website-server/node_modules/mongoose/lib/connection.js:823:32)
    at Mongoose.createConnection (/Users/apple/Documents/xiangmu/node/Website-tool/website-server/node_modules/mongoose/lib/index.js:279:17)
    at Singleton.createOneClient [as create] (/Users/apple/Documents/xiangmu/node/Website-tool/website-server/node_modules/egg-mongoose/lib/mongoose.js:69:23)
    at Singleton.createInstance (/Users/apple/Documents/xiangmu/node/Website-tool/website-server/node_modules/egg/lib/core/singleton.js:88:17)
    at Singleton.initSync (/Users/apple/Documents/xiangmu/node/Website-tool/website-server/node_modules/egg/lib/core/singleton.js:31:27)
    at Singleton.init (/Users/apple/Documents/xiangmu/node/Website-tool/website-server/node_modules/egg/lib/core/singleton.js:21:68)
    at Application.addSingleton (/Users/apple/Documents/xiangmu/node/Website-tool/website-server/node_modules/egg/lib/egg.js:464:35)
    at module.exports (/Users/apple/Documents/xiangmu/node/Website-tool/website-server/node_modules/egg-mongoose/lib/mongoose.js:31:7)
    at module.exports (/Users/apple/Documents/xiangmu/node/Website-tool/website-server/node_modules/egg-mongoose/app.js:4:57)
    at Hook.configDidLoad (/Users/apple/Documents/xiangmu/node/Website-tool/website-server/node_modules/egg-core/lib/lifecycle.js:91:9)
    at Lifecycle.triggerConfigDidLoad (/Users/apple/Documents/xiangmu/node/Website-tool/website-server/node_modules/egg-core/lib/lifecycle.js:145:14)
    at Lifecycle.triggerConfigWillLoad (/Users/apple/Documents/xiangmu/node/Website-tool/website-server/node_modules/egg-core/lib/lifecycle.js:139:10)
    at AppWorkerLoader.loadCustomApp (/Users/apple/Documents/xiangmu/node/Website-tool/website-server/node_modules/egg-core/lib/loader/mixin/custom.js:37:20)
    at AppWorkerLoader.load (/Users/apple/Documents/xiangmu/node/Website-tool/website-server/node_modules/egg/lib/loader/app_worker_loader.js:35:10)
    at new Application (/Users/apple/Documents/xiangmu/node/Website-tool/website-server/node_modules/egg/lib/application.js:66:19)
message: "[egg-mongoose]connect ECONNREFUSED 127.0.0.1:27017"
name: "MongooseServerSelectionError"
reason: {"type":"Single","setName":null,"maxSetVersion":null,"maxElectionId":null,"servers":{},"stale":false,"compatible":true,"compatibilityError":null,"logicalSessionTimeoutMinutes":null,"heartbeatFrequencyMS":10000,"localThresholdMS":15,"commonWireVersion":null}
pid: 98361
hostname: localhost

2020-04-03 20:01:18,513 ERROR 98386 [-/127.0.0.1/-/0ms GET /] nodejs.MongooseServerSelectionError: [egg-mongoose]connect ECONNREFUSED 127.0.0.1:27017
    at new MongooseServerSelectionError (/Users/apple/Documents/xiangmu/node/Website-tool/website-server/node_modules/mongoose/lib/error/serverSelection.js:22:11)
    at NativeConnection.Connection.openUri (/Users/apple/Documents/xiangmu/node/Website-tool/website-server/node_modules/mongoose/lib/connection.js:823:32)
    at Mongoose.createConnection (/Users/apple/Documents/xiangmu/node/Website-tool/website-server/node_modules/mongoose/lib/index.js:279:17)
    at Singleton.createOneClient [as create] (/Users/apple/Documents/xiangmu/node/Website-tool/website-server/node_modules/egg-mongoose/lib/mongoose.js:69:23)
    at Singleton.createInstance (/Users/apple/Documents/xiangmu/node/Website-tool/website-server/node_modules/egg/lib/core/singleton.js:88:17)
    at Singleton.initSync (/Users/apple/Documents/xiangmu/node/Website-tool/website-server/node_modules/egg/lib/core/singleton.js:31:27)
    at Singleton.init (/Users/apple/Documents/xiangmu/node/Website-tool/website-server/node_modules/egg/lib/core/singleton.js:21:68)
    at Application.addSingleton (/Users/apple/Documents/xiangmu/node/Website-tool/website-server/node_modules/egg/lib/egg.js:464:35)
    at module.exports (/Users/apple/Documents/xiangmu/node/Website-tool/website-server/node_modules/egg-mongoose/lib/mongoose.js:31:7)
    at module.exports (/Users/apple/Documents/xiangmu/node/Website-tool/website-server/node_modules/egg-mongoose/app.js:4:57)
    at Hook.configDidLoad (/Users/apple/Documents/xiangmu/node/Website-tool/website-server/node_modules/egg-core/lib/lifecycle.js:91:9)
    at Lifecycle.triggerConfigDidLoad (/Users/apple/Documents/xiangmu/node/Website-tool/website-server/node_modules/egg-core/lib/lifecycle.js:145:14)
    at Lifecycle.triggerConfigWillLoad (/Users/apple/Documents/xiangmu/node/Website-tool/website-server/node_modules/egg-core/lib/lifecycle.js:139:10)
    at AppWorkerLoader.loadCustomApp (/Users/apple/Documents/xiangmu/node/Website-tool/website-server/node_modules/egg-core/lib/loader/mixin/custom.js:37:20)
    at AppWorkerLoader.load (/Users/apple/Documents/xiangmu/node/Website-tool/website-server/node_modules/egg/lib/loader/app_worker_loader.js:35:10)
    at new Application (/Users/apple/Documents/xiangmu/node/Website-tool/website-server/node_modules/egg/lib/application.js:66:19)
message: "[egg-mongoose]connect ECONNREFUSED 127.0.0.1:27017"
name: "MongooseServerSelectionError"
reason: {"type":"Single","setName":null,"maxSetVersion":null,"maxElectionId":null,"servers":{},"stale":false,"compatible":true,"compatibilityError":null,"logicalSessionTimeoutMinutes":null,"heartbeatFrequencyMS":10000,"localThresholdMS":15,"commonWireVersion":null}
pid: 98386
hostname: localhost

2020-04-03 20:01:48,013 ERROR 98411 [-/127.0.0.1/-/0ms GET /] nodejs.MongooseServerSelectionError: [egg-mongoose]connect ECONNREFUSED 127.0.0.1:27017
    at new MongooseServerSelectionError (/Users/apple/Documents/xiangmu/node/Website-tool/website-server/node_modules/mongoose/lib/error/serverSelection.js:22:11)
    at NativeConnection.Connection.openUri (/Users/apple/Documents/xiangmu/node/Website-tool/website-server/node_modules/mongoose/lib/connection.js:823:32)
    at Mongoose.createConnection (/Users/apple/Documents/xiangmu/node/Website-tool/website-server/node_modules/mongoose/lib/index.js:279:17)
    at Singleton.createOneClient [as create] (/Users/apple/Documents/xiangmu/node/Website-tool/website-server/node_modules/egg-mongoose/lib/mongoose.js:69:23)
    at Singleton.createInstance (/Users/apple/Documents/xiangmu/node/Website-tool/website-server/node_modules/egg/lib/core/singleton.js:88:17)
    at Singleton.initSync (/Users/apple/Documents/xiangmu/node/Website-tool/website-server/node_modules/egg/lib/core/singleton.js:31:27)
    at Singleton.init (/Users/apple/Documents/xiangmu/node/Website-tool/website-server/node_modules/egg/lib/core/singleton.js:21:68)
    at Application.addSingleton (/Users/apple/Documents/xiangmu/node/Website-tool/website-server/node_modules/egg/lib/egg.js:464:35)
    at module.exports (/Users/apple/Documents/xiangmu/node/Website-tool/website-server/node_modules/egg-mongoose/lib/mongoose.js:31:7)
    at module.exports (/Users/apple/Documents/xiangmu/node/Website-tool/website-server/node_modules/egg-mongoose/app.js:4:57)
    at Hook.configDidLoad (/Users/apple/Documents/xiangmu/node/Website-tool/website-server/node_modules/egg-core/lib/lifecycle.js:91:9)
    at Lifecycle.triggerConfigDidLoad (/Users/apple/Documents/xiangmu/node/Website-tool/website-server/node_modules/egg-core/lib/lifecycle.js:145:14)
    at Lifecycle.triggerConfigWillLoad (/Users/apple/Documents/xiangmu/node/Website-tool/website-server/node_modules/egg-core/lib/lifecycle.js:139:10)
    at AppWorkerLoader.loadCustomApp (/Users/apple/Documents/xiangmu/node/Website-tool/website-server/node_modules/egg-core/lib/loader/mixin/custom.js:37:20)
    at AppWorkerLoader.load (/Users/apple/Documents/xiangmu/node/Website-tool/website-server/node_modules/egg/lib/loader/app_worker_loader.js:35:10)
    at new Application (/Users/apple/Documents/xiangmu/node/Website-tool/website-server/node_modules/egg/lib/application.js:66:19)
message: "[egg-mongoose]connect ECONNREFUSED 127.0.0.1:27017"
name: "MongooseServerSelectionError"
reason: {"type":"Single","setName":null,"maxSetVersion":null,"maxElectionId":null,"servers":{},"stale":false,"compatible":true,"compatibilityError":null,"logicalSessionTimeoutMinutes":null,"heartbeatFrequencyMS":10000,"localThresholdMS":15,"commonWireVersion":null}
pid: 98411
hostname: localhost

2020-04-03 20:02:12,066 ERROR 98437 [-/127.0.0.1/-/0ms GET /] nodejs.MongooseServerSelectionError: [egg-mongoose]connect ECONNREFUSED 127.0.0.1:27017
    at new MongooseServerSelectionError (/Users/apple/Documents/xiangmu/node/Website-tool/website-server/node_modules/mongoose/lib/error/serverSelection.js:22:11)
    at NativeConnection.Connection.openUri (/Users/apple/Documents/xiangmu/node/Website-tool/website-server/node_modules/mongoose/lib/connection.js:823:32)
    at Mongoose.createConnection (/Users/apple/Documents/xiangmu/node/Website-tool/website-server/node_modules/mongoose/lib/index.js:279:17)
    at Singleton.createOneClient [as create] (/Users/apple/Documents/xiangmu/node/Website-tool/website-server/node_modules/egg-mongoose/lib/mongoose.js:69:23)
    at Singleton.createInstance (/Users/apple/Documents/xiangmu/node/Website-tool/website-server/node_modules/egg/lib/core/singleton.js:88:17)
    at Singleton.initSync (/Users/apple/Documents/xiangmu/node/Website-tool/website-server/node_modules/egg/lib/core/singleton.js:31:27)
    at Singleton.init (/Users/apple/Documents/xiangmu/node/Website-tool/website-server/node_modules/egg/lib/core/singleton.js:21:68)
    at Application.addSingleton (/Users/apple/Documents/xiangmu/node/Website-tool/website-server/node_modules/egg/lib/egg.js:464:35)
    at module.exports (/Users/apple/Documents/xiangmu/node/Website-tool/website-server/node_modules/egg-mongoose/lib/mongoose.js:31:7)
    at module.exports (/Users/apple/Documents/xiangmu/node/Website-tool/website-server/node_modules/egg-mongoose/app.js:4:57)
    at Hook.configDidLoad (/Users/apple/Documents/xiangmu/node/Website-tool/website-server/node_modules/egg-core/lib/lifecycle.js:91:9)
    at Lifecycle.triggerConfigDidLoad (/Users/apple/Documents/xiangmu/node/Website-tool/website-server/node_modules/egg-core/lib/lifecycle.js:145:14)
    at Lifecycle.triggerConfigWillLoad (/Users/apple/Documents/xiangmu/node/Website-tool/website-server/node_modules/egg-core/lib/lifecycle.js:139:10)
    at AppWorkerLoader.loadCustomApp (/Users/apple/Documents/xiangmu/node/Website-tool/website-server/node_modules/egg-core/lib/loader/mixin/custom.js:37:20)
    at AppWorkerLoader.load (/Users/apple/Documents/xiangmu/node/Website-tool/website-server/node_modules/egg/lib/loader/app_worker_loader.js:35:10)
    at new Application (/Users/apple/Documents/xiangmu/node/Website-tool/website-server/node_modules/egg/lib/application.js:66:19)
message: "[egg-mongoose]connect ECONNREFUSED 127.0.0.1:27017"
name: "MongooseServerSelectionError"
reason: {"type":"Single","setName":null,"maxSetVersion":null,"maxElectionId":null,"servers":{},"stale":false,"compatible":true,"compatibilityError":null,"logicalSessionTimeoutMinutes":null,"heartbeatFrequencyMS":10000,"localThresholdMS":15,"commonWireVersion":null}
pid: 98437
hostname: localhost

2020-04-03 20:04:33,538 ERROR 98502 [-/127.0.0.1/-/0ms GET /] nodejs.MongooseServerSelectionError: [egg-mongoose]connect ECONNREFUSED 127.0.0.1:27017
    at new MongooseServerSelectionError (/Users/apple/Documents/xiangmu/node/Website-tool/website-server/node_modules/mongoose/lib/error/serverSelection.js:22:11)
    at NativeConnection.Connection.openUri (/Users/apple/Documents/xiangmu/node/Website-tool/website-server/node_modules/mongoose/lib/connection.js:823:32)
    at Mongoose.createConnection (/Users/apple/Documents/xiangmu/node/Website-tool/website-server/node_modules/mongoose/lib/index.js:279:17)
    at Singleton.createOneClient [as create] (/Users/apple/Documents/xiangmu/node/Website-tool/website-server/node_modules/egg-mongoose/lib/mongoose.js:69:23)
    at Singleton.createInstance (/Users/apple/Documents/xiangmu/node/Website-tool/website-server/node_modules/egg/lib/core/singleton.js:88:17)
    at Singleton.initSync (/Users/apple/Documents/xiangmu/node/Website-tool/website-server/node_modules/egg/lib/core/singleton.js:31:27)
    at Singleton.init (/Users/apple/Documents/xiangmu/node/Website-tool/website-server/node_modules/egg/lib/core/singleton.js:21:68)
    at Application.addSingleton (/Users/apple/Documents/xiangmu/node/Website-tool/website-server/node_modules/egg/lib/egg.js:464:35)
    at module.exports (/Users/apple/Documents/xiangmu/node/Website-tool/website-server/node_modules/egg-mongoose/lib/mongoose.js:31:7)
    at module.exports (/Users/apple/Documents/xiangmu/node/Website-tool/website-server/node_modules/egg-mongoose/app.js:4:57)
    at Hook.configDidLoad (/Users/apple/Documents/xiangmu/node/Website-tool/website-server/node_modules/egg-core/lib/lifecycle.js:91:9)
    at Lifecycle.triggerConfigDidLoad (/Users/apple/Documents/xiangmu/node/Website-tool/website-server/node_modules/egg-core/lib/lifecycle.js:145:14)
    at Lifecycle.triggerConfigWillLoad (/Users/apple/Documents/xiangmu/node/Website-tool/website-server/node_modules/egg-core/lib/lifecycle.js:139:10)
    at AppWorkerLoader.loadCustomApp (/Users/apple/Documents/xiangmu/node/Website-tool/website-server/node_modules/egg-core/lib/loader/mixin/custom.js:37:20)
    at AppWorkerLoader.load (/Users/apple/Documents/xiangmu/node/Website-tool/website-server/node_modules/egg/lib/loader/app_worker_loader.js:35:10)
    at new Application (/Users/apple/Documents/xiangmu/node/Website-tool/website-server/node_modules/egg/lib/application.js:66:19)
message: "[egg-mongoose]connect ECONNREFUSED 127.0.0.1:27017"
name: "MongooseServerSelectionError"
reason: {"type":"Single","setName":null,"maxSetVersion":null,"maxElectionId":null,"servers":{},"stale":false,"compatible":true,"compatibilityError":null,"logicalSessionTimeoutMinutes":null,"heartbeatFrequencyMS":10000,"localThresholdMS":15,"commonWireVersion":null}
pid: 98502
hostname: localhost

2020-04-03 20:05:04,329 ERROR 98534 [-/127.0.0.1/-/1ms GET /] nodejs.MongooseServerSelectionError: [egg-mongoose]connect ECONNREFUSED 127.0.0.1:27017
    at new MongooseServerSelectionError (/Users/apple/Documents/xiangmu/node/Website-tool/website-server/node_modules/mongoose/lib/error/serverSelection.js:22:11)
    at NativeConnection.Connection.openUri (/Users/apple/Documents/xiangmu/node/Website-tool/website-server/node_modules/mongoose/lib/connection.js:823:32)
    at Mongoose.createConnection (/Users/apple/Documents/xiangmu/node/Website-tool/website-server/node_modules/mongoose/lib/index.js:279:17)
    at Singleton.createOneClient [as create] (/Users/apple/Documents/xiangmu/node/Website-tool/website-server/node_modules/egg-mongoose/lib/mongoose.js:69:23)
    at Singleton.createInstance (/Users/apple/Documents/xiangmu/node/Website-tool/website-server/node_modules/egg/lib/core/singleton.js:88:17)
    at Singleton.initSync (/Users/apple/Documents/xiangmu/node/Website-tool/website-server/node_modules/egg/lib/core/singleton.js:31:27)
    at Singleton.init (/Users/apple/Documents/xiangmu/node/Website-tool/website-server/node_modules/egg/lib/core/singleton.js:21:68)
    at Application.addSingleton (/Users/apple/Documents/xiangmu/node/Website-tool/website-server/node_modules/egg/lib/egg.js:464:35)
    at module.exports (/Users/apple/Documents/xiangmu/node/Website-tool/website-server/node_modules/egg-mongoose/lib/mongoose.js:31:7)
    at module.exports (/Users/apple/Documents/xiangmu/node/Website-tool/website-server/node_modules/egg-mongoose/app.js:4:57)
    at Hook.configDidLoad (/Users/apple/Documents/xiangmu/node/Website-tool/website-server/node_modules/egg-core/lib/lifecycle.js:91:9)
    at Lifecycle.triggerConfigDidLoad (/Users/apple/Documents/xiangmu/node/Website-tool/website-server/node_modules/egg-core/lib/lifecycle.js:145:14)
    at Lifecycle.triggerConfigWillLoad (/Users/apple/Documents/xiangmu/node/Website-tool/website-server/node_modules/egg-core/lib/lifecycle.js:139:10)
    at AppWorkerLoader.loadCustomApp (/Users/apple/Documents/xiangmu/node/Website-tool/website-server/node_modules/egg-core/lib/loader/mixin/custom.js:37:20)
    at AppWorkerLoader.load (/Users/apple/Documents/xiangmu/node/Website-tool/website-server/node_modules/egg/lib/loader/app_worker_loader.js:35:10)
    at new Application (/Users/apple/Documents/xiangmu/node/Website-tool/website-server/node_modules/egg/lib/application.js:66:19)
message: "[egg-mongoose]connect ECONNREFUSED 127.0.0.1:27017"
name: "MongooseServerSelectionError"
reason: {"type":"Single","setName":null,"maxSetVersion":null,"maxElectionId":null,"servers":{},"stale":false,"compatible":true,"compatibilityError":null,"logicalSessionTimeoutMinutes":null,"heartbeatFrequencyMS":10000,"localThresholdMS":15,"commonWireVersion":null}
pid: 98534
hostname: localhost

2020-04-03 20:06:01,723 ERROR 98564 [-/127.0.0.1/-/0ms GET /] nodejs.MongooseServerSelectionError: [egg-mongoose]connect ECONNREFUSED 127.0.0.1:27017
    at new MongooseServerSelectionError (/Users/apple/Documents/xiangmu/node/Website-tool/website-server/node_modules/mongoose/lib/error/serverSelection.js:22:11)
    at NativeConnection.Connection.openUri (/Users/apple/Documents/xiangmu/node/Website-tool/website-server/node_modules/mongoose/lib/connection.js:823:32)
    at Mongoose.createConnection (/Users/apple/Documents/xiangmu/node/Website-tool/website-server/node_modules/mongoose/lib/index.js:279:17)
    at Singleton.createOneClient [as create] (/Users/apple/Documents/xiangmu/node/Website-tool/website-server/node_modules/egg-mongoose/lib/mongoose.js:69:23)
    at Singleton.createInstance (/Users/apple/Documents/xiangmu/node/Website-tool/website-server/node_modules/egg/lib/core/singleton.js:88:17)
    at Singleton.initSync (/Users/apple/Documents/xiangmu/node/Website-tool/website-server/node_modules/egg/lib/core/singleton.js:31:27)
    at Singleton.init (/Users/apple/Documents/xiangmu/node/Website-tool/website-server/node_modules/egg/lib/core/singleton.js:21:68)
    at Application.addSingleton (/Users/apple/Documents/xiangmu/node/Website-tool/website-server/node_modules/egg/lib/egg.js:464:35)
    at module.exports (/Users/apple/Documents/xiangmu/node/Website-tool/website-server/node_modules/egg-mongoose/lib/mongoose.js:31:7)
    at module.exports (/Users/apple/Documents/xiangmu/node/Website-tool/website-server/node_modules/egg-mongoose/app.js:4:57)
    at Hook.configDidLoad (/Users/apple/Documents/xiangmu/node/Website-tool/website-server/node_modules/egg-core/lib/lifecycle.js:91:9)
    at Lifecycle.triggerConfigDidLoad (/Users/apple/Documents/xiangmu/node/Website-tool/website-server/node_modules/egg-core/lib/lifecycle.js:145:14)
    at Lifecycle.triggerConfigWillLoad (/Users/apple/Documents/xiangmu/node/Website-tool/website-server/node_modules/egg-core/lib/lifecycle.js:139:10)
    at AppWorkerLoader.loadCustomApp (/Users/apple/Documents/xiangmu/node/Website-tool/website-server/node_modules/egg-core/lib/loader/mixin/custom.js:37:20)
    at AppWorkerLoader.load (/Users/apple/Documents/xiangmu/node/Website-tool/website-server/node_modules/egg/lib/loader/app_worker_loader.js:35:10)
    at new Application (/Users/apple/Documents/xiangmu/node/Website-tool/website-server/node_modules/egg/lib/application.js:66:19)
message: "[egg-mongoose]connect ECONNREFUSED 127.0.0.1:27017"
name: "MongooseServerSelectionError"
reason: {"type":"Single","setName":null,"maxSetVersion":null,"maxElectionId":null,"servers":{},"stale":false,"compatible":true,"compatibilityError":null,"logicalSessionTimeoutMinutes":null,"heartbeatFrequencyMS":10000,"localThresholdMS":15,"commonWireVersion":null}
pid: 98564
hostname: localhost

2020-04-03 20:06:32,527 ERROR 98591 [-/127.0.0.1/-/0ms GET /] nodejs.MongooseServerSelectionError: [egg-mongoose]connect ECONNREFUSED 127.0.0.1:27017
    at new MongooseServerSelectionError (/Users/apple/Documents/xiangmu/node/Website-tool/website-server/node_modules/mongoose/lib/error/serverSelection.js:22:11)
    at NativeConnection.Connection.openUri (/Users/apple/Documents/xiangmu/node/Website-tool/website-server/node_modules/mongoose/lib/connection.js:823:32)
    at Mongoose.createConnection (/Users/apple/Documents/xiangmu/node/Website-tool/website-server/node_modules/mongoose/lib/index.js:279:17)
    at Singleton.createOneClient [as create] (/Users/apple/Documents/xiangmu/node/Website-tool/website-server/node_modules/egg-mongoose/lib/mongoose.js:69:23)
    at Singleton.createInstance (/Users/apple/Documents/xiangmu/node/Website-tool/website-server/node_modules/egg/lib/core/singleton.js:88:17)
    at Singleton.initSync (/Users/apple/Documents/xiangmu/node/Website-tool/website-server/node_modules/egg/lib/core/singleton.js:31:27)
    at Singleton.init (/Users/apple/Documents/xiangmu/node/Website-tool/website-server/node_modules/egg/lib/core/singleton.js:21:68)
    at Application.addSingleton (/Users/apple/Documents/xiangmu/node/Website-tool/website-server/node_modules/egg/lib/egg.js:464:35)
    at module.exports (/Users/apple/Documents/xiangmu/node/Website-tool/website-server/node_modules/egg-mongoose/lib/mongoose.js:31:7)
    at module.exports (/Users/apple/Documents/xiangmu/node/Website-tool/website-server/node_modules/egg-mongoose/app.js:4:57)
    at Hook.configDidLoad (/Users/apple/Documents/xiangmu/node/Website-tool/website-server/node_modules/egg-core/lib/lifecycle.js:91:9)
    at Lifecycle.triggerConfigDidLoad (/Users/apple/Documents/xiangmu/node/Website-tool/website-server/node_modules/egg-core/lib/lifecycle.js:145:14)
    at Lifecycle.triggerConfigWillLoad (/Users/apple/Documents/xiangmu/node/Website-tool/website-server/node_modules/egg-core/lib/lifecycle.js:139:10)
    at AppWorkerLoader.loadCustomApp (/Users/apple/Documents/xiangmu/node/Website-tool/website-server/node_modules/egg-core/lib/loader/mixin/custom.js:37:20)
    at AppWorkerLoader.load (/Users/apple/Documents/xiangmu/node/Website-tool/website-server/node_modules/egg/lib/loader/app_worker_loader.js:35:10)
    at new Application (/Users/apple/Documents/xiangmu/node/Website-tool/website-server/node_modules/egg/lib/application.js:66:19)
message: "[egg-mongoose]connect ECONNREFUSED 127.0.0.1:27017"
name: "MongooseServerSelectionError"
reason: {"type":"Single","setName":null,"maxSetVersion":null,"maxElectionId":null,"servers":{},"stale":false,"compatible":true,"compatibilityError":null,"logicalSessionTimeoutMinutes":null,"heartbeatFrequencyMS":10000,"localThresholdMS":15,"commonWireVersion":null}
pid: 98591
hostname: localhost

2020-04-03 20:07:55,425 ERROR 98671 [-/127.0.0.1/-/0ms GET /] nodejs.MongooseServerSelectionError: [egg-mongoose]connect ECONNREFUSED 127.0.0.1:27017
    at new MongooseServerSelectionError (/Users/apple/Documents/xiangmu/node/Website-tool/website-server/node_modules/mongoose/lib/error/serverSelection.js:22:11)
    at NativeConnection.Connection.openUri (/Users/apple/Documents/xiangmu/node/Website-tool/website-server/node_modules/mongoose/lib/connection.js:823:32)
    at Mongoose.createConnection (/Users/apple/Documents/xiangmu/node/Website-tool/website-server/node_modules/mongoose/lib/index.js:279:17)
    at Singleton.createOneClient [as create] (/Users/apple/Documents/xiangmu/node/Website-tool/website-server/node_modules/egg-mongoose/lib/mongoose.js:69:23)
    at Singleton.createInstance (/Users/apple/Documents/xiangmu/node/Website-tool/website-server/node_modules/egg/lib/core/singleton.js:88:17)
    at Singleton.initSync (/Users/apple/Documents/xiangmu/node/Website-tool/website-server/node_modules/egg/lib/core/singleton.js:31:27)
    at Singleton.init (/Users/apple/Documents/xiangmu/node/Website-tool/website-server/node_modules/egg/lib/core/singleton.js:21:68)
    at Application.addSingleton (/Users/apple/Documents/xiangmu/node/Website-tool/website-server/node_modules/egg/lib/egg.js:464:35)
    at module.exports (/Users/apple/Documents/xiangmu/node/Website-tool/website-server/node_modules/egg-mongoose/lib/mongoose.js:31:7)
    at module.exports (/Users/apple/Documents/xiangmu/node/Website-tool/website-server/node_modules/egg-mongoose/app.js:4:57)
    at Hook.configDidLoad (/Users/apple/Documents/xiangmu/node/Website-tool/website-server/node_modules/egg-core/lib/lifecycle.js:91:9)
    at Lifecycle.triggerConfigDidLoad (/Users/apple/Documents/xiangmu/node/Website-tool/website-server/node_modules/egg-core/lib/lifecycle.js:145:14)
    at Lifecycle.triggerConfigWillLoad (/Users/apple/Documents/xiangmu/node/Website-tool/website-server/node_modules/egg-core/lib/lifecycle.js:139:10)
    at AppWorkerLoader.loadCustomApp (/Users/apple/Documents/xiangmu/node/Website-tool/website-server/node_modules/egg-core/lib/loader/mixin/custom.js:37:20)
    at AppWorkerLoader.load (/Users/apple/Documents/xiangmu/node/Website-tool/website-server/node_modules/egg/lib/loader/app_worker_loader.js:35:10)
    at new Application (/Users/apple/Documents/xiangmu/node/Website-tool/website-server/node_modules/egg/lib/application.js:66:19)
message: "[egg-mongoose]connect ECONNREFUSED 127.0.0.1:27017"
name: "MongooseServerSelectionError"
reason: {"type":"Single","setName":null,"maxSetVersion":null,"maxElectionId":null,"servers":{},"stale":false,"compatible":true,"compatibilityError":null,"logicalSessionTimeoutMinutes":null,"heartbeatFrequencyMS":10000,"localThresholdMS":15,"commonWireVersion":null}
pid: 98671
hostname: localhost

2020-04-03 20:10:57,535 ERROR 98760 [-/127.0.0.1/-/0ms GET /] nodejs.MongooseServerSelectionError: [egg-mongoose]connect ECONNREFUSED 127.0.0.1:27018
    at new MongooseServerSelectionError (/Users/apple/Documents/xiangmu/node/Website-tool/website-server/node_modules/mongoose/lib/error/serverSelection.js:22:11)
    at NativeConnection.Connection.openUri (/Users/apple/Documents/xiangmu/node/Website-tool/website-server/node_modules/mongoose/lib/connection.js:823:32)
    at Mongoose.createConnection (/Users/apple/Documents/xiangmu/node/Website-tool/website-server/node_modules/mongoose/lib/index.js:279:17)
    at Singleton.createOneClient [as create] (/Users/apple/Documents/xiangmu/node/Website-tool/website-server/node_modules/egg-mongoose/lib/mongoose.js:69:23)
    at Singleton.createInstance (/Users/apple/Documents/xiangmu/node/Website-tool/website-server/node_modules/egg/lib/core/singleton.js:88:17)
    at Singleton.initSync (/Users/apple/Documents/xiangmu/node/Website-tool/website-server/node_modules/egg/lib/core/singleton.js:31:27)
    at Singleton.init (/Users/apple/Documents/xiangmu/node/Website-tool/website-server/node_modules/egg/lib/core/singleton.js:21:68)
    at Application.addSingleton (/Users/apple/Documents/xiangmu/node/Website-tool/website-server/node_modules/egg/lib/egg.js:464:35)
    at module.exports (/Users/apple/Documents/xiangmu/node/Website-tool/website-server/node_modules/egg-mongoose/lib/mongoose.js:31:7)
    at module.exports (/Users/apple/Documents/xiangmu/node/Website-tool/website-server/node_modules/egg-mongoose/app.js:4:57)
    at Hook.configDidLoad (/Users/apple/Documents/xiangmu/node/Website-tool/website-server/node_modules/egg-core/lib/lifecycle.js:91:9)
    at Lifecycle.triggerConfigDidLoad (/Users/apple/Documents/xiangmu/node/Website-tool/website-server/node_modules/egg-core/lib/lifecycle.js:145:14)
    at Lifecycle.triggerConfigWillLoad (/Users/apple/Documents/xiangmu/node/Website-tool/website-server/node_modules/egg-core/lib/lifecycle.js:139:10)
    at AppWorkerLoader.loadCustomApp (/Users/apple/Documents/xiangmu/node/Website-tool/website-server/node_modules/egg-core/lib/loader/mixin/custom.js:37:20)
    at AppWorkerLoader.load (/Users/apple/Documents/xiangmu/node/Website-tool/website-server/node_modules/egg/lib/loader/app_worker_loader.js:35:10)
    at new Application (/Users/apple/Documents/xiangmu/node/Website-tool/website-server/node_modules/egg/lib/application.js:66:19)
message: "[egg-mongoose]connect ECONNREFUSED 127.0.0.1:27018"
name: "MongooseServerSelectionError"
reason: {"type":"Single","setName":null,"maxSetVersion":null,"maxElectionId":null,"servers":{},"stale":false,"compatible":true,"compatibilityError":null,"logicalSessionTimeoutMinutes":null,"heartbeatFrequencyMS":10000,"localThresholdMS":15,"commonWireVersion":null}
pid: 98760
hostname: localhost

2020-04-03 22:28:17,484 ERROR 99669 [-/127.0.0.1/-/0ms GET /] nodejs.Error: websitePages copy is not match 'a-z0-9_-' in websitePages copy.js
    at /Users/apple/Documents/xiangmu/node/Website-tool/website-server/node_modules/egg-core/lib/loader/file_loader.js:234:13
    at Array.map (<anonymous>)
    at defaultCamelize (/Users/apple/Documents/xiangmu/node/Website-tool/website-server/node_modules/egg-core/lib/loader/file_loader.js:232:21)
    at getProperties (/Users/apple/Documents/xiangmu/node/Website-tool/website-server/node_modules/egg-core/lib/loader/file_loader.js:193:10)
    at FileLoader.parse (/Users/apple/Documents/xiangmu/node/Website-tool/website-server/node_modules/egg-core/lib/loader/file_loader.js:154:28)
    at FileLoader.load (/Users/apple/Documents/xiangmu/node/Website-tool/website-server/node_modules/egg-core/lib/loader/file_loader.js:67:24)
    at AppWorkerLoader.loadToApp (/Users/apple/Documents/xiangmu/node/Website-tool/website-server/node_modules/egg-core/lib/loader/egg_loader.js:388:25)
    at loadModelToApp (/Users/apple/Documents/xiangmu/node/Website-tool/website-server/node_modules/egg-mongoose/lib/mongoose.js:111:14)
    at /Users/apple/Documents/xiangmu/node/Website-tool/website-server/node_modules/egg-mongoose/lib/mongoose.js:50:7
    at Object.callFn (/Users/apple/Documents/xiangmu/node/Website-tool/website-server/node_modules/egg-core/lib/utils/index.js:44:42)
    at /Users/apple/Documents/xiangmu/node/Website-tool/website-server/node_modules/egg-core/lib/lifecycle.js:256:13
    at processTicksAndRejections (internal/process/task_queues.js:75:11)

pid: 99669
hostname: localhost

2020-04-03 22:28:44,393 ERROR 99707 [-/127.0.0.1/-/0ms GET /] nodejs.OverwriteModelError: Cannot overwrite `websitePages` model once compiled.
    at new OverwriteModelError (/Users/apple/Documents/xiangmu/node/Website-tool/website-server/node_modules/mongoose/lib/error/overwriteModel.js:20:11)
    at Mongoose.model (/Users/apple/Documents/xiangmu/node/Website-tool/website-server/node_modules/mongoose/lib/index.js:522:13)
    at module.exports (/Users/apple/Documents/xiangmu/node/Website-tool/website-server/app/model/websitePages.js:27:19)
    at getExports (/Users/apple/Documents/xiangmu/node/Website-tool/website-server/node_modules/egg-core/lib/loader/file_loader.js:220:15)
    at FileLoader.parse (/Users/apple/Documents/xiangmu/node/Website-tool/website-server/node_modules/egg-core/lib/loader/file_loader.js:158:25)
    at FileLoader.load (/Users/apple/Documents/xiangmu/node/Website-tool/website-server/node_modules/egg-core/lib/loader/file_loader.js:67:24)
    at AppWorkerLoader.loadToApp (/Users/apple/Documents/xiangmu/node/Website-tool/website-server/node_modules/egg-core/lib/loader/egg_loader.js:388:25)
    at loadModelToApp (/Users/apple/Documents/xiangmu/node/Website-tool/website-server/node_modules/egg-mongoose/lib/mongoose.js:111:14)
    at /Users/apple/Documents/xiangmu/node/Website-tool/website-server/node_modules/egg-mongoose/lib/mongoose.js:50:7
    at Object.callFn (/Users/apple/Documents/xiangmu/node/Website-tool/website-server/node_modules/egg-core/lib/utils/index.js:44:42)
    at /Users/apple/Documents/xiangmu/node/Website-tool/website-server/node_modules/egg-core/lib/lifecycle.js:256:13
    at processTicksAndRejections (internal/process/task_queues.js:75:11)
message: "Cannot overwrite `websitePages` model once compiled."
name: "OverwriteModelError"
pid: 99707
hostname: localhost

2020-04-03 22:29:15,767 ERROR 99748 [-/127.0.0.1/-/0ms GET /] nodejs.OverwriteModelError: Cannot overwrite `websitePages` model once compiled.
    at new OverwriteModelError (/Users/apple/Documents/xiangmu/node/Website-tool/website-server/node_modules/mongoose/lib/error/overwriteModel.js:20:11)
    at Mongoose.model (/Users/apple/Documents/xiangmu/node/Website-tool/website-server/node_modules/mongoose/lib/index.js:522:13)
    at module.exports (/Users/apple/Documents/xiangmu/node/Website-tool/website-server/app/model/websitePages.js:27:19)
    at getExports (/Users/apple/Documents/xiangmu/node/Website-tool/website-server/node_modules/egg-core/lib/loader/file_loader.js:220:15)
    at FileLoader.parse (/Users/apple/Documents/xiangmu/node/Website-tool/website-server/node_modules/egg-core/lib/loader/file_loader.js:158:25)
    at FileLoader.load (/Users/apple/Documents/xiangmu/node/Website-tool/website-server/node_modules/egg-core/lib/loader/file_loader.js:67:24)
    at AppWorkerLoader.loadToApp (/Users/apple/Documents/xiangmu/node/Website-tool/website-server/node_modules/egg-core/lib/loader/egg_loader.js:388:25)
    at loadModelToApp (/Users/apple/Documents/xiangmu/node/Website-tool/website-server/node_modules/egg-mongoose/lib/mongoose.js:111:14)
    at /Users/apple/Documents/xiangmu/node/Website-tool/website-server/node_modules/egg-mongoose/lib/mongoose.js:50:7
    at Object.callFn (/Users/apple/Documents/xiangmu/node/Website-tool/website-server/node_modules/egg-core/lib/utils/index.js:44:42)
    at /Users/apple/Documents/xiangmu/node/Website-tool/website-server/node_modules/egg-core/lib/lifecycle.js:256:13
    at processTicksAndRejections (internal/process/task_queues.js:75:11)
message: "Cannot overwrite `websitePages` model once compiled."
name: "OverwriteModelError"
pid: 99748
hostname: localhost

2020-04-03 22:29:32,048 ERROR 99778 [-/127.0.0.1/-/0ms GET /] nodejs.ReferenceError: websitePageSchema is not defined
    at module.exports (/Users/apple/Documents/xiangmu/node/Website-tool/website-server/app/model/websitePageConfigs.js:27:47)
    at getExports (/Users/apple/Documents/xiangmu/node/Website-tool/website-server/node_modules/egg-core/lib/loader/file_loader.js:220:15)
    at FileLoader.parse (/Users/apple/Documents/xiangmu/node/Website-tool/website-server/node_modules/egg-core/lib/loader/file_loader.js:158:25)
    at FileLoader.load (/Users/apple/Documents/xiangmu/node/Website-tool/website-server/node_modules/egg-core/lib/loader/file_loader.js:67:24)
    at AppWorkerLoader.loadToApp (/Users/apple/Documents/xiangmu/node/Website-tool/website-server/node_modules/egg-core/lib/loader/egg_loader.js:388:25)
    at loadModelToApp (/Users/apple/Documents/xiangmu/node/Website-tool/website-server/node_modules/egg-mongoose/lib/mongoose.js:111:14)
    at /Users/apple/Documents/xiangmu/node/Website-tool/website-server/node_modules/egg-mongoose/lib/mongoose.js:50:7
    at Object.callFn (/Users/apple/Documents/xiangmu/node/Website-tool/website-server/node_modules/egg-core/lib/utils/index.js:44:42)
    at /Users/apple/Documents/xiangmu/node/Website-tool/website-server/node_modules/egg-core/lib/lifecycle.js:256:13
    at processTicksAndRejections (internal/process/task_queues.js:75:11)

pid: 99778
hostname: localhost

